{"level":"info","message":"✅ WebSocket server initialized","service":"hostel-api","timestamp":"2026-03-09 11:54:23"}
{"level":"info","message":"🚀 Server v2.0.0 running on port 3000 [development]","service":"hostel-api","timestamp":"2026-03-09 11:54:23"}
{"level":"info","message":"✅ MySQL connected","service":"hostel-api","timestamp":"2026-03-09 11:54:23"}
{"duration":"7ms","ip":"::1","level":"info","message":"Request completed","method":"GET","service":"hostel-api","status":200,"timestamp":"2026-03-09 11:54:30","url":"/favicon.ico","userId":null}
{"duration":"2ms","ip":"::1","level":"info","message":"Request completed","method":"GET","service":"hostel-api","status":304,"timestamp":"2026-03-09 11:54:38","url":"/favicon.ico","userId":null}
{"duration":"1ms","ip":"::1","level":"info","message":"Request completed","method":"GET","service":"hostel-api","status":304,"timestamp":"2026-03-09 11:58:16","url":"/favicon.ico","userId":null}
{"duration":"1ms","ip":"::1","level":"info","message":"Request completed","method":"GET","service":"hostel-api","status":304,"timestamp":"2026-03-09 12:00:54","url":"/favicon.ico","userId":null}
{"duration":"3ms","ip":"::1","level":"info","message":"Request completed","method":"GET","service":"hostel-api","status":200,"timestamp":"2026-03-09 12:01:00","url":"/.well-known/appspecific/com.chrome.devtools.json","userId":null}
{"duration":"2ms","ip":"::1","level":"info","message":"Request completed","method":"GET","service":"hostel-api","status":304,"timestamp":"2026-03-09 12:01:03","url":"/.well-known/appspecific/com.chrome.devtools.json","userId":null}
{"duration":"2ms","ip":"::1","level":"info","message":"Request completed","method":"GET","service":"hostel-api","status":304,"timestamp":"2026-03-09 12:01:03","url":"/favicon.ico","userId":null}
{"duration":"2ms","ip":"::1","level":"info","message":"Request completed","method":"GET","service":"hostel-api","status":304,"timestamp":"2026-03-09 12:01:04","url":"/.well-known/appspecific/com.chrome.devtools.json","userId":null}
{"duration":"1ms","ip":"::1","level":"info","message":"Request completed","method":"GET","service":"hostel-api","status":304,"timestamp":"2026-03-09 12:01:04","url":"/favicon.ico","userId":null}
{"duration":"2ms","ip":"::1","level":"info","message":"Request completed","method":"GET","service":"hostel-api","status":304,"timestamp":"2026-03-09 12:01:04","url":"/.well-known/appspecific/com.chrome.devtools.json","userId":null}
{"duration":"1ms","ip":"::1","level":"info","message":"Request completed","method":"GET","service":"hostel-api","status":304,"timestamp":"2026-03-09 12:01:04","url":"/favicon.ico","userId":null}
{"duration":"6ms","ip":"::1","level":"info","message":"Request completed","method":"GET","service":"hostel-api","status":304,"timestamp":"2026-03-09 12:01:04","url":"/.well-known/appspecific/com.chrome.devtools.json","userId":null}
{"duration":"1ms","ip":"::1","level":"info","message":"Request completed","method":"GET","service":"hostel-api","status":304,"timestamp":"2026-03-09 12:01:04","url":"/favicon.ico","userId":null}
{"duration":"2ms","ip":"::1","level":"info","message":"Request completed","method":"GET","service":"hostel-api","status":304,"timestamp":"2026-03-09 12:03:29","url":"/.well-known/appspecific/com.chrome.devtools.json","userId":null}
{"duration":"1ms","ip":"::1","level":"info","message":"Request completed","method":"GET","service":"hostel-api","status":304,"timestamp":"2026-03-09 12:03:29","url":"/favicon.ico","userId":null}
{"duration":"1ms","ip":"::1","level":"info","message":"Request completed","method":"GET","service":"hostel-api","status":304,"timestamp":"2026-03-09 12:03:50","url":"/.well-known/appspecific/com.chrome.devtools.json","userId":null}
{"duration":"2ms","ip":"::1","level":"info","message":"Request completed","method":"GET","service":"hostel-api","status":304,"timestamp":"2026-03-09 12:03:50","url":"/favicon.ico","userId":null}
{"duration":"1ms","ip":"::1","level":"info","message":"Request completed","method":"GET","service":"hostel-api","status":304,"timestamp":"2026-03-09 12:05:56","url":"/favicon.ico","userId":null}
{"duration":"1ms","ip":"::1","level":"info","message":"Request completed","method":"GET","service":"hostel-api","status":304,"timestamp":"2026-03-09 12:06:03","url":"/favicon.ico","userId":null}
{"duration":"1ms","ip":"::1","level":"info","message":"Request completed","method":"GET","service":"hostel-api","status":304,"timestamp":"2026-03-09 12:06:11","url":"/favicon.ico","userId":null}
{"level":"info","message":"SIGINT received — shutting down gracefully","service":"hostel-api","timestamp":"2026-03-09 12:06:22"}
{"level":"info","message":"✅ WebSocket server initialized","service":"hostel-api","timestamp":"2026-03-09 12:06:41"}
{"level":"info","message":"🚀 Server v2.0.0 running on port 3000 [development]","service":"hostel-api","timestamp":"2026-03-09 12:06:41"}
{"level":"info","message":"✅ MySQL connected","service":"hostel-api","timestamp":"2026-03-09 12:06:41"}
{"level":"info","message":"✅ WebSocket server initialized","service":"hostel-api","timestamp":"2026-03-09 12:07:30"}
{"level":"info","message":"🚀 Server v2.0.0 running on port 3000 [development]","service":"hostel-api","timestamp":"2026-03-09 12:07:30"}
{"level":"info","message":"✅ MySQL connected","service":"hostel-api","timestamp":"2026-03-09 12:07:30"}
{"duration":"3ms","ip":"::1","level":"info","message":"Request completed","method":"GET","service":"hostel-api","status":200,"timestamp":"2026-03-09 12:08:23","url":"/api/health","userId":null}
{"duration":"4ms","ip":"::1","level":"info","message":"Request completed","method":"GET","service":"hostel-api","status":304,"timestamp":"2026-03-09 12:08:53","url":"/favicon.ico","userId":null}
{"duration":"2ms","ip":"::1","level":"info","message":"Request completed","method":"GET","service":"hostel-api","status":304,"timestamp":"2026-03-09 12:09:00","url":"/favicon.ico","userId":null}
{"duration":"2ms","ip":"::1","level":"info","message":"Request completed","method":"GET","service":"hostel-api","status":304,"timestamp":"2026-03-09 12:09:06","url":"/.well-known/appspecific/com.chrome.devtools.json","userId":null}
{"level":"info","message":"✅ WebSocket server initialized","service":"hostel-api","timestamp":"2026-03-09 12:13:55"}
{"level":"info","message":"🚀 Server v2.0.0 running on port 3000 [development]","service":"hostel-api","timestamp":"2026-03-09 12:13:55"}
{"level":"info","message":"✅ MySQL connected","service":"hostel-api","timestamp":"2026-03-09 12:13:55"}
{"duration":"4ms","ip":"::1","level":"info","message":"Request completed","method":"GET","service":"hostel-api","status":200,"timestamp":"2026-03-09 12:14:15","url":"/api/health","userId":null}
{"level":"info","message":"✅ WebSocket server initialized","service":"hostel-api","timestamp":"2026-03-09 12:19:19"}
{"level":"info","message":"🚀 Server v2.0.0 running on port 3000 [development]","service":"hostel-api","timestamp":"2026-03-09 12:19:19"}
{"level":"info","message":"✅ MySQL connected","service":"hostel-api","timestamp":"2026-03-09 12:19:19"}
{"duration":"3ms","ip":"::1","level":"info","message":"Request completed","method":"GET","service":"hostel-api","status":200,"timestamp":"2026-03-09 12:21:38","url":"/api/health","userId":null}
{"level":"info","message":"✅ WebSocket server initialized","service":"hostel-api","timestamp":"2026-03-09 12:23:00"}
{"level":"info","message":"🚀 Server v2.0.0 running on port 3000 [development]","service":"hostel-api","timestamp":"2026-03-09 12:23:00"}
{"level":"info","message":"✅ MySQL connected","service":"hostel-api","timestamp":"2026-03-09 12:23:00"}
{"level":"info","message":"SIGINT received — shutting down gracefully","service":"hostel-api","timestamp":"2026-03-09 12:23:25"}
{"level":"info","message":"✅ WebSocket server initialized","service":"hostel-api","timestamp":"2026-03-09 12:24:38"}
{"level":"info","message":"🚀 Server v2.0.0 running on port 3000 [development]","service":"hostel-api","timestamp":"2026-03-09 12:24:38"}
{"level":"info","message":"✅ MySQL connected","service":"hostel-api","timestamp":"2026-03-09 12:24:38"}
{"level":"info","message":"SIGINT received — shutting down gracefully","service":"hostel-api","timestamp":"2026-03-09 12:24:41"}
{"level":"info","message":"✅ WebSocket server initialized","service":"hostel-api","timestamp":"2026-03-09 12:24:47"}
{"level":"info","message":"🚀 Server v2.0.0 running on port 3000 [development]","service":"hostel-api","timestamp":"2026-03-09 12:24:47"}
{"level":"info","message":"✅ MySQL connected","service":"hostel-api","timestamp":"2026-03-09 12:24:47"}
{"duration":"4ms","ip":"::1","level":"info","message":"Request completed","method":"GET","service":"hostel-api","status":304,"timestamp":"2026-03-09 12:24:56","url":"/.well-known/appspecific/com.chrome.devtools.json","userId":null}
{"duration":"3ms","ip":"::1","level":"info","message":"Request completed","method":"GET","service":"hostel-api","status":304,"timestamp":"2026-03-09 12:24:57","url":"/favicon.ico","userId":null}
{"error":"Unknown column 'u.deleted_at' in 'where clause'","level":"error","message":"Login Error:","service":"hostel-api","stack":"Error: Unknown column 'u.deleted_at' in 'where clause'\n    at PromisePool.query (C:\\naveen\\hostel_management\\hostelapp\\backend\\node_modules\\mysql2\\lib\\promise\\pool.js:36:22)\n    at exports.login (C:\\naveen\\hostel_management\\hostelapp\\backend\\src\\controllers\\auth.controller.js:97:36)\n    at Layer.handleRequest (C:\\naveen\\hostel_management\\hostelapp\\backend\\node_modules\\router\\lib\\layer.js:152:17)\n    at next (C:\\naveen\\hostel_management\\hostelapp\\backend\\node_modules\\router\\lib\\route.js:157:13)\n    at C:\\naveen\\hostel_management\\hostelapp\\backend\\src\\middleware\\validation.middleware.js:43:9\n    at Layer.handleRequest (C:\\naveen\\hostel_management\\hostelapp\\backend\\node_modules\\router\\lib\\layer.js:152:17)\n    at next (C:\\naveen\\hostel_management\\hostelapp\\backend\\node_modules\\router\\lib\\route.js:157:13)\n    at Route.dispatch (C:\\naveen\\hostel_management\\hostelapp\\backend\\node_modules\\router\\lib\\route.js:117:3)\n    at handle (C:\\naveen\\hostel_management\\hostelapp\\backend\\node_modules\\router\\index.js:435:11)\n    at Layer.handleRequest (C:\\naveen\\hostel_management\\hostelapp\\backend\\node_modules\\router\\lib\\layer.js:152:17)","timestamp":"2026-03-09 12:25:03"}
{"duration":"28ms","ip":"::1","level":"warn","message":"Request failed","method":"POST","service":"hostel-api","status":500,"timestamp":"2026-03-09 12:25:03","url":"/api/auth/login","userId":null}
{"level":"info","message":"✅ MySQL connected","service":"hostel-api","timestamp":"2026-03-09 12:26:39"}
{"level":"info","message":"✅ MySQL connected","service":"hostel-api","timestamp":"2026-03-09 12:32:05"}
{"level":"info","message":"✅ MySQL connected","service":"hostel-api","timestamp":"2026-03-09 12:33:04"}
{"level":"info","message":"✅ MySQL connected","service":"hostel-api","timestamp":"2026-03-09 12:33:53"}
{"level":"info","message":"✅ WebSocket server initialized","service":"hostel-api","timestamp":"2026-03-09 12:37:38"}
{"level":"info","message":"🚀 Server v2.0.0 running on port 3000 [development]","service":"hostel-api","timestamp":"2026-03-09 12:37:38"}
{"level":"info","message":"✅ MySQL connected","service":"hostel-api","timestamp":"2026-03-09 12:37:38"}
{"level":"info","message":"✅ WebSocket server initialized","service":"hostel-api","timestamp":"2026-03-09 12:37:39"}
{"level":"info","message":"🚀 Server v2.0.0 running on port 3000 [development]","service":"hostel-api","timestamp":"2026-03-09 12:37:39"}
{"level":"info","message":"✅ MySQL connected","service":"hostel-api","timestamp":"2026-03-09 12:37:40"}
{"level":"info","message":"✅ WebSocket server initialized","service":"hostel-api","timestamp":"2026-03-09 13:16:16"}
{"level":"info","message":"🚀 Server v2.0.0 running on port 3000 [development]","service":"hostel-api","timestamp":"2026-03-09 13:16:16"}
{"level":"info","message":"✅ MySQL connected","service":"hostel-api","timestamp":"2026-03-09 13:16:16"}
{"level":"info","message":"✅ MySQL connected","service":"hostel-api","timestamp":"2026-03-09 13:16:16"}
{"level":"info","message":"✅ WebSocket server initialized","service":"hostel-api","timestamp":"2026-03-09 13:16:30"}
{"level":"info","message":"🚀 Server v2.0.0 running on port 3000 [development]","service":"hostel-api","timestamp":"2026-03-09 13:16:31"}
{"level":"info","message":"✅ MySQL connected","service":"hostel-api","timestamp":"2026-03-09 13:16:31"}
{"level":"info","message":"✅ WebSocket server initialized","service":"hostel-api","timestamp":"2026-03-09 13:16:45"}
{"level":"info","message":"🚀 Server v2.0.0 running on port 3000 [development]","service":"hostel-api","timestamp":"2026-03-09 13:16:45"}
{"level":"info","message":"✅ MySQL connected","service":"hostel-api","timestamp":"2026-03-09 13:16:45"}
{"level":"info","message":"✅ WebSocket server initialized","service":"hostel-api","timestamp":"2026-03-09 13:17:23"}
{"level":"info","message":"🚀 Server v2.0.0 running on port 3000 [development]","service":"hostel-api","timestamp":"2026-03-09 13:17:23"}
{"level":"info","message":"✅ MySQL connected","service":"hostel-api","timestamp":"2026-03-09 13:17:23"}
{"level":"info","message":"✅ MySQL connected","service":"hostel-api","timestamp":"2026-03-09 13:18:16"}
{"level":"info","message":"✅ WebSocket server initialized","service":"hostel-api","timestamp":"2026-03-09 13:18:18"}
{"level":"info","message":"🚀 Server v2.0.0 running on port 3000 [development]","service":"hostel-api","timestamp":"2026-03-09 13:18:18"}
{"level":"info","message":"✅ MySQL connected","service":"hostel-api","timestamp":"2026-03-09 13:18:18"}
{"level":"info","message":"✅ WebSocket server initialized","service":"hostel-api","timestamp":"2026-03-09 13:18:52"}
{"level":"info","message":"🚀 Server v2.0.0 running on port 3000 [development]","service":"hostel-api","timestamp":"2026-03-09 13:18:52"}
{"level":"info","message":"✅ MySQL connected","service":"hostel-api","timestamp":"2026-03-09 13:18:52"}
{"level":"info","message":"✅ WebSocket server initialized","service":"hostel-api","timestamp":"2026-03-09 13:19:07"}
{"level":"info","message":"🚀 Server v2.0.0 running on port 3000 [development]","service":"hostel-api","timestamp":"2026-03-09 13:19:07"}
{"level":"info","message":"✅ MySQL connected","service":"hostel-api","timestamp":"2026-03-09 13:19:07"}
{"level":"info","message":"✅ MySQL connected","service":"hostel-api","timestamp":"2026-03-09 13:19:08"}
{"level":"info","message":"✅ WebSocket server initialized","service":"hostel-api","timestamp":"2026-03-09 13:19:35"}
{"level":"info","message":"🚀 Server v2.0.0 running on port 3000 [development]","service":"hostel-api","timestamp":"2026-03-09 13:19:35"}
{"level":"info","message":"✅ MySQL connected","service":"hostel-api","timestamp":"2026-03-09 13:19:35"}
{"level":"info","message":"✅ WebSocket server initialized","service":"hostel-api","timestamp":"2026-03-09 13:19:38"}
{"level":"info","message":"🚀 Server v2.0.0 running on port 3000 [development]","service":"hostel-api","timestamp":"2026-03-09 13:19:38"}
{"level":"info","message":"✅ MySQL connected","service":"hostel-api","timestamp":"2026-03-09 13:19:38"}
{"level":"info","message":"✅ MySQL connected","service":"hostel-api","timestamp":"2026-03-09 13:19:50"}
{"level":"info","message":"✅ MySQL connected","service":"hostel-api","timestamp":"2026-03-09 13:20:52"}
{"level":"info","message":"✅ WebSocket server initialized","service":"hostel-api","timestamp":"2026-03-09 13:21:00"}
{"level":"info","message":"🚀 Server v2.0.0 running on port 3000 [development]","service":"hostel-api","timestamp":"2026-03-09 13:21:00"}
{"level":"info","message":"✅ MySQL connected","service":"hostel-api","timestamp":"2026-03-09 13:21:00"}
{"level":"info","message":"✅ WebSocket server initialized","service":"hostel-api","timestamp":"2026-03-09 13:21:28"}
{"level":"info","message":"🚀 Server v2.0.0 running on port 3000 [development]","service":"hostel-api","timestamp":"2026-03-09 13:21:28"}
{"level":"info","message":"✅ MySQL connected","service":"hostel-api","timestamp":"2026-03-09 13:21:28"}
{"level":"info","message":"✅ MySQL connected","service":"hostel-api","timestamp":"2026-03-09 13:22:32"}
{"level":"info","message":"✅ MySQL connected","service":"hostel-api","timestamp":"2026-03-09 13:23:12"}
{"level":"info","message":"✅ WebSocket server initialized","service":"hostel-api","timestamp":"2026-03-09 13:32:51"}
{"level":"info","message":"🚀 Server v2.0.0 running on port 3000 [development]","service":"hostel-api","timestamp":"2026-03-09 13:32:51"}
{"level":"info","message":"✅ MySQL connected","service":"hostel-api","timestamp":"2026-03-09 13:32:51"}
{"level":"info","message":"✅ WebSocket server initialized","service":"hostel-api","timestamp":"2026-03-09 13:32:57"}
{"level":"info","message":"🚀 Server v2.0.0 running on port 3000 [development]","service":"hostel-api","timestamp":"2026-03-09 13:32:57"}
{"level":"info","message":"✅ MySQL connected","service":"hostel-api","timestamp":"2026-03-09 13:32:57"}
{"level":"info","message":"✅ WebSocket server initialized","service":"hostel-api","timestamp":"2026-03-09 13:34:04"}
{"level":"info","message":"🚀 Server v2.0.0 running on port 3000 [development]","service":"hostel-api","timestamp":"2026-03-09 13:34:04"}
{"level":"info","message":"✅ MySQL connected","service":"hostel-api","timestamp":"2026-03-09 13:34:04"}
{"level":"info","message":"✅ WebSocket server initialized","service":"hostel-api","timestamp":"2026-03-09 13:34:14"}
{"level":"info","message":"🚀 Server v2.0.0 running on port 3000 [development]","service":"hostel-api","timestamp":"2026-03-09 13:34:14"}
{"level":"info","message":"✅ MySQL connected","service":"hostel-api","timestamp":"2026-03-09 13:34:14"}
{"level":"info","message":"✅ WebSocket server initialized","service":"hostel-api","timestamp":"2026-03-09 13:34:34"}
{"level":"info","message":"🚀 Server v2.0.0 running on port 3000 [development]","service":"hostel-api","timestamp":"2026-03-09 13:34:34"}
{"level":"info","message":"✅ MySQL connected","service":"hostel-api","timestamp":"2026-03-09 13:34:34"}
{"level":"info","message":"✅ WebSocket server initialized","service":"hostel-api","timestamp":"2026-03-09 13:34:59"}
{"level":"info","message":"🚀 Server v2.0.0 running on port 3000 [development]","service":"hostel-api","timestamp":"2026-03-09 13:34:59"}
{"level":"info","message":"✅ MySQL connected","service":"hostel-api","timestamp":"2026-03-09 13:34:59"}
{"level":"info","message":"✅ WebSocket server initialized","service":"hostel-api","timestamp":"2026-03-09 13:37:10"}
{"level":"info","message":"🚀 Server v2.0.0 running on port 3000 [development]","service":"hostel-api","timestamp":"2026-03-09 13:37:10"}
{"level":"info","message":"✅ MySQL connected","service":"hostel-api","timestamp":"2026-03-09 13:37:10"}
{"duration":"3ms","ip":"::1","level":"info","message":"Request completed","method":"GET","service":"hostel-api","status":200,"timestamp":"2026-03-09 13:37:40","url":"/api/health","userId":null}
{"error":"secretOrPrivateKey must have a value","level":"error","message":"Login Error:","service":"hostel-api","stack":"Error: secretOrPrivateKey must have a value\n    at module.exports [as sign] (C:\\naveen\\hostel_management\\hostelapp\\backend\\node_modules\\jsonwebtoken\\sign.js:111:20)\n    at generateRefreshToken (C:\\naveen\\hostel_management\\hostelapp\\backend\\src\\controllers\\auth.controller.js:21:16)\n    at exports.login (C:\\naveen\\hostel_management\\hostelapp\\backend\\src\\controllers\\auth.controller.js:154:30)\n    at process.processTicksAndRejections (node:internal/process/task_queues:95:5)","timestamp":"2026-03-09 13:38:20"}
{"duration":"348ms","ip":"::1","level":"warn","message":"Request failed","method":"POST","service":"hostel-api","status":500,"timestamp":"2026-03-09 13:38:20","url":"/api/auth/login","userId":null}
{"duration":"3ms","ip":"::1","level":"info","message":"Request completed","method":"GET","service":"hostel-api","status":304,"timestamp":"2026-03-09 13:38:27","url":"/.well-known/appspecific/com.chrome.devtools.json","userId":null}
{"duration":"2ms","ip":"::1","level":"info","message":"Request completed","method":"GET","service":"hostel-api","status":304,"timestamp":"2026-03-09 13:38:27","url":"/favicon.ico","userId":null}
{"error":"secretOrPrivateKey must have a value","level":"error","message":"Login Error:","service":"hostel-api","stack":"Error: secretOrPrivateKey must have a value\n    at module.exports [as sign] (C:\\naveen\\hostel_management\\hostelapp\\backend\\node_modules\\jsonwebtoken\\sign.js:111:20)\n    at generateRefreshToken (C:\\naveen\\hostel_management\\hostelapp\\backend\\src\\controllers\\auth.controller.js:21:16)\n    at exports.login (C:\\naveen\\hostel_management\\hostelapp\\backend\\src\\controllers\\auth.controller.js:154:30)\n    at process.processTicksAndRejections (node:internal/process/task_queues:95:5)","timestamp":"2026-03-09 13:38:35"}
{"duration":"353ms","ip":"::1","level":"warn","message":"Request failed","method":"POST","service":"hostel-api","status":500,"timestamp":"2026-03-09 13:38:35","url":"/api/auth/login","userId":null}
{"level":"info","message":"✅ WebSocket server initialized","service":"hostel-api","timestamp":"2026-03-09 13:40:38"}
{"level":"info","message":"🚀 Server v2.0.0 running on port 3000 [development]","service":"hostel-api","timestamp":"2026-03-09 13:40:38"}
{"level":"info","message":"✅ MySQL connected","service":"hostel-api","timestamp":"2026-03-09 13:40:38"}
{"duration":"173ms","ip":"::1","level":"info","message":"Request completed","method":"POST","service":"hostel-api","status":200,"timestamp":"2026-03-09 13:40:54","url":"/api/auth/login","userId":null}
{"duration":"10ms","ip":"::1","level":"info","message":"Request completed","method":"GET","service":"hostel-api","status":200,"timestamp":"2026-03-09 13:40:54","url":"/api/profile/student-by-email/tha%40gmail.com","userId":9}
{"duration":"22ms","ip":"::1","level":"info","message":"Request completed","method":"GET","service":"hostel-api","status":200,"timestamp":"2026-03-09 13:40:54","url":"/api/profile/student/STU00005","userId":9}
{"duration":"11ms","ip":"::1","level":"info","message":"Request completed","method":"GET","service":"hostel-api","status":304,"timestamp":"2026-03-09 13:40:54","url":"/favicon.ico","userId":null}
{"duration":"40ms","ip":"::1","level":"info","message":"Request completed","method":"GET","service":"hostel-api","status":200,"timestamp":"2026-03-09 13:40:54","url":"/api/complaints/student/STU00005","userId":9}
{"duration":"48ms","ip":"::1","level":"info","message":"Request completed","method":"GET","service":"hostel-api","status":304,"timestamp":"2026-03-09 13:40:54","url":"/api/leave/student/STU00005","userId":9}
{"duration":"11ms","ip":"::1","level":"info","message":"Request completed","method":"GET","service":"hostel-api","status":304,"timestamp":"2026-03-09 13:40:54","url":"/api/leave/student/STU00005","userId":9}
{"duration":"10ms","ip":"::1","level":"info","message":"Request completed","method":"GET","service":"hostel-api","status":304,"timestamp":"2026-03-09 13:40:54","url":"/api/complaints/student/STU00005","userId":9}
{"duration":"9ms","ip":"::1","level":"warn","message":"Request failed","method":"POST","service":"hostel-api","status":400,"timestamp":"2026-03-09 13:41:38","url":"/api/leave/apply/STU00005","userId":9}
{"duration":"3ms","ip":"::1","level":"info","message":"Request completed","method":"GET","service":"hostel-api","status":304,"timestamp":"2026-03-09 13:41:44","url":"/.well-known/appspecific/com.chrome.devtools.json","userId":null}
{"level":"info","message":"✅ WebSocket server initialized","service":"hostel-api","timestamp":"2026-03-09 13:42:35"}
{"level":"info","message":"🚀 Server v2.0.0 running on port 3000 [development]","service":"hostel-api","timestamp":"2026-03-09 13:42:35"}
{"level":"info","message":"✅ MySQL connected","service":"hostel-api","timestamp":"2026-03-09 13:42:35"}
{"duration":"10ms","ip":"::1","level":"info","message":"Request completed","method":"GET","service":"hostel-api","status":304,"timestamp":"2026-03-09 13:43:20","url":"/favicon.ico","userId":null}
{"duration":"2ms","ip":"::1","level":"info","message":"Request completed","method":"GET","service":"hostel-api","status":304,"timestamp":"2026-03-09 13:43:20","url":"/.well-known/appspecific/com.chrome.devtools.json","userId":null}
{"duration":"1ms","ip":"::1","level":"info","message":"Request completed","method":"GET","service":"hostel-api","status":304,"timestamp":"2026-03-09 13:43:20","url":"/.well-known/appspecific/com.chrome.devtools.json","userId":null}
{"duration":"16ms","ip":"::1","level":"info","message":"Request completed","method":"GET","service":"hostel-api","status":304,"timestamp":"2026-03-09 13:43:27","url":"/api/profile/student-by-email/tha%40gmail.com","userId":9}
{"duration":"2ms","ip":"::1","level":"info","message":"Request completed","method":"GET","service":"hostel-api","status":304,"timestamp":"2026-03-09 13:43:27","url":"/favicon.ico","userId":null}
{"duration":"29ms","ip":"::1","level":"info","message":"Request completed","method":"GET","service":"hostel-api","status":304,"timestamp":"2026-03-09 13:43:27","url":"/api/profile/student/STU00005","userId":9}
{"duration":"36ms","ip":"::1","level":"info","message":"Request completed","method":"GET","service":"hostel-api","status":304,"timestamp":"2026-03-09 13:43:27","url":"/api/complaints/student/STU00005","userId":9}
{"duration":"39ms","ip":"::1","level":"info","message":"Request completed","method":"GET","service":"hostel-api","status":304,"timestamp":"2026-03-09 13:43:27","url":"/api/leave/student/STU00005","userId":9}
{"duration":"9ms","ip":"::1","level":"info","message":"Request completed","method":"GET","service":"hostel-api","status":304,"timestamp":"2026-03-09 13:43:27","url":"/api/leave/student/STU00005","userId":9}
{"duration":"13ms","ip":"::1","level":"info","message":"Request completed","method":"GET","service":"hostel-api","status":304,"timestamp":"2026-03-09 13:43:27","url":"/api/complaints/student/STU00005","userId":9}
{"duration":"2ms","ip":"::1","level":"info","message":"Request completed","method":"GET","service":"hostel-api","status":304,"timestamp":"2026-03-09 13:43:30","url":"/favicon.ico","userId":null}
{"duration":"251ms","ip":"::1","level":"info","message":"Request completed","method":"POST","service":"hostel-api","status":200,"timestamp":"2026-03-09 13:43:37","url":"/api/auth/login","userId":null}
{"duration":"26ms","ip":"::1","level":"warn","message":"Request failed","method":"GET","service":"hostel-api","status":403,"timestamp":"2026-03-09 13:43:37","url":"/api/rooms/changes?status=pending","userId":1}
{"duration":"26ms","ip":"::1","level":"warn","message":"Request failed","method":"GET","service":"hostel-api","status":403,"timestamp":"2026-03-09 13:43:37","url":"/api/lab/slots","userId":1}
{"duration":"25ms","ip":"::1","level":"warn","message":"Request failed","method":"GET","service":"hostel-api","status":403,"timestamp":"2026-03-09 13:43:37","url":"/api/warden-leave/all","userId":1}
{"duration":"8ms","ip":"::1","level":"warn","message":"Request failed","method":"GET","service":"hostel-api","status":403,"timestamp":"2026-03-09 13:43:37","url":"/api/complaints/all","userId":1}
{"duration":"35ms","ip":"::1","level":"warn","message":"Request failed","method":"GET","service":"hostel-api","status":403,"timestamp":"2026-03-09 13:43:38","url":"/api/leave/all","userId":1}
{"duration":"5ms","ip":"::1","level":"info","message":"Request completed","method":"GET","service":"hostel-api","status":304,"timestamp":"2026-03-09 13:43:38","url":"/favicon.ico","userId":null}
{"duration":"34ms","ip":"::1","level":"warn","message":"Request failed","method":"GET","service":"hostel-api","status":403,"timestamp":"2026-03-09 13:43:38","url":"/api/analytics/dashboard","userId":1}
{"duration":"5ms","ip":"::1","level":"warn","message":"Request failed","method":"POST","service":"hostel-api","status":403,"timestamp":"2026-03-09 13:44:41","url":"/api/lab/slots","userId":1}
{"duration":"1ms","ip":"::1","level":"info","message":"Request completed","method":"GET","service":"hostel-api","status":304,"timestamp":"2026-03-09 13:44:46","url":"/.well-known/appspecific/com.chrome.devtools.json","userId":null}
{"duration":"1ms","ip":"::1","level":"info","message":"Request completed","method":"GET","service":"hostel-api","status":304,"timestamp":"2026-03-09 13:45:57","url":"/.well-known/appspecific/com.chrome.devtools.json","userId":null}
{"duration":"11ms","ip":"::1","level":"warn","message":"Request failed","method":"GET","service":"hostel-api","status":403,"timestamp":"2026-03-09 13:45:57","url":"/api/warden-leave/all","userId":1}
{"duration":"13ms","ip":"::1","level":"warn","message":"Request failed","method":"GET","service":"hostel-api","status":403,"timestamp":"2026-03-09 13:45:57","url":"/api/leave/all","userId":1}
{"duration":"13ms","ip":"::1","level":"warn","message":"Request failed","method":"GET","service":"hostel-api","status":403,"timestamp":"2026-03-09 13:45:57","url":"/api/complaints/all","userId":1}
{"duration":"11ms","ip":"::1","level":"warn","message":"Request failed","method":"GET","service":"hostel-api","status":403,"timestamp":"2026-03-09 13:45:57","url":"/api/rooms/changes?status=pending","userId":1}
{"duration":"11ms","ip":"::1","level":"warn","message":"Request failed","method":"GET","service":"hostel-api","status":403,"timestamp":"2026-03-09 13:45:57","url":"/api/lab/slots","userId":1}
{"duration":"11ms","ip":"::1","level":"warn","message":"Request failed","method":"GET","service":"hostel-api","status":403,"timestamp":"2026-03-09 13:45:57","url":"/api/analytics/dashboard","userId":1}
{"duration":"3ms","ip":"::1","level":"info","message":"Request completed","method":"GET","service":"hostel-api","status":304,"timestamp":"2026-03-09 13:45:57","url":"/favicon.ico","userId":null}
{"duration":"1ms","ip":"::1","level":"info","message":"Request completed","method":"GET","service":"hostel-api","status":304,"timestamp":"2026-03-09 13:48:56","url":"/.well-known/appspecific/com.chrome.devtools.json","userId":null}
{"duration":"12ms","ip":"::1","level":"warn","message":"Request failed","method":"GET","service":"hostel-api","status":403,"timestamp":"2026-03-09 13:48:56","url":"/api/warden-leave/all","userId":1}
{"duration":"14ms","ip":"::1","level":"warn","message":"Request failed","method":"GET","service":"hostel-api","status":403,"timestamp":"2026-03-09 13:48:56","url":"/api/leave/all","userId":1}
{"duration":"13ms","ip":"::1","level":"warn","message":"Request failed","method":"GET","service":"hostel-api","status":403,"timestamp":"2026-03-09 13:48:56","url":"/api/complaints/all","userId":1}
{"duration":"15ms","ip":"::1","level":"warn","message":"Request failed","method":"GET","service":"hostel-api","status":403,"timestamp":"2026-03-09 13:48:56","url":"/api/rooms/changes?status=pending","userId":1}
{"duration":"7ms","ip":"::1","level":"warn","message":"Request failed","method":"GET","service":"hostel-api","status":403,"timestamp":"2026-03-09 13:48:56","url":"/api/lab/slots","userId":1}
{"duration":"8ms","ip":"::1","level":"warn","message":"Request failed","method":"GET","service":"hostel-api","status":403,"timestamp":"2026-03-09 13:48:56","url":"/api/analytics/dashboard","userId":1}
{"duration":"2ms","ip":"::1","level":"info","message":"Request completed","method":"GET","service":"hostel-api","status":304,"timestamp":"2026-03-09 13:48:56","url":"/favicon.ico","userId":null}
{"level":"info","message":"✅ MySQL connected","service":"hostel-api","timestamp":"2026-03-09 13:49:18"}
{"level":"info","message":"✅ MySQL connected","service":"hostel-api","timestamp":"2026-03-09 13:49:59"}
{"level":"info","message":"✅ MySQL connected","service":"hostel-api","timestamp":"2026-03-09 13:52:00"}
{"level":"info","message":"✅ WebSocket server initialized","service":"hostel-api","timestamp":"2026-03-09 13:53:34"}
{"level":"info","message":"🚀 Server v2.0.0 running on port 3000 [development]","service":"hostel-api","timestamp":"2026-03-09 13:53:34"}
{"level":"info","message":"✅ MySQL connected","service":"hostel-api","timestamp":"2026-03-09 13:53:34"}
{"level":"info","message":"SIGINT received — shutting down gracefully","service":"hostel-api","timestamp":"2026-03-09 13:54:27"}
{"level":"info","message":"✅ WebSocket server initialized","service":"hostel-api","timestamp":"2026-03-09 13:54:28"}
{"level":"info","message":"🚀 Server v2.0.0 running on port 3000 [development]","service":"hostel-api","timestamp":"2026-03-09 13:54:28"}
{"level":"info","message":"✅ MySQL connected","service":"hostel-api","timestamp":"2026-03-09 13:54:28"}
{"duration":"51ms","ip":"::1","level":"info","message":"Request completed","method":"GET","service":"hostel-api","status":200,"timestamp":"2026-03-09 13:58:03","url":"/api/warden-leave/all","userId":1}
{"duration":"73ms","ip":"::1","level":"info","message":"Request completed","method":"GET","service":"hostel-api","status":200,"timestamp":"2026-03-09 13:58:03","url":"/api/complaints/all","userId":1}
{"error":"Unknown column 'rcr.requested_hostel_id' in 'on clause'","level":"error","message":"Get Room Requests Error:","service":"hostel-api","stack":"Error: Unknown column 'rcr.requested_hostel_id' in 'on clause'\n    at PromisePool.query (C:\\naveen\\hostel_management\\hostelapp\\backend\\node_modules\\mysql2\\lib\\promise\\pool.js:36:22)\n    at exports.getAll (C:\\naveen\\hostel_management\\hostelapp\\backend\\src\\controllers\\room.controller.js:55:39)\n    at Layer.handleRequest (C:\\naveen\\hostel_management\\hostelapp\\backend\\node_modules\\router\\lib\\layer.js:152:17)\n    at next (C:\\naveen\\hostel_management\\hostelapp\\backend\\node_modules\\router\\lib\\route.js:157:13)\n    at C:\\naveen\\hostel_management\\hostelapp\\backend\\src\\middleware\\rbac.middleware.js:43:13\n    at process.processTicksAndRejections (node:internal/process/task_queues:95:5)","timestamp":"2026-03-09 13:58:03"}
{"duration":"73ms","ip":"::1","level":"warn","message":"Request failed","method":"GET","service":"hostel-api","status":500,"timestamp":"2026-03-09 13:58:03","url":"/api/rooms/changes?status=pending","userId":1}
{"duration":"92ms","ip":"::1","level":"info","message":"Request completed","method":"GET","service":"hostel-api","status":200,"timestamp":"2026-03-09 13:58:03","url":"/api/leave/all","userId":1}
{"error":"Unknown column 'status' in 'where clause'","level":"error","message":"Get Slots Error:","service":"hostel-api","stack":"Error: Unknown column 'status' in 'where clause'\n    at PromisePool.query (C:\\naveen\\hostel_management\\hostelapp\\backend\\node_modules\\mysql2\\lib\\promise\\pool.js:36:22)\n    at exports.getSlots (C:\\naveen\\hostel_management\\hostelapp\\backend\\src\\controllers\\lab.controller.js:16:36)\n    at Layer.handleRequest (C:\\naveen\\hostel_management\\hostelapp\\backend\\node_modules\\router\\lib\\layer.js:152:17)\n    at next (C:\\naveen\\hostel_management\\hostelapp\\backend\\node_modules\\router\\lib\\route.js:157:13)\n    at C:\\naveen\\hostel_management\\hostelapp\\backend\\src\\middleware\\rbac.middleware.js:43:13\n    at process.processTicksAndRejections (node:internal/process/task_queues:95:5)","timestamp":"2026-03-09 13:58:03"}
{"duration":"85ms","ip":"::1","level":"warn","message":"Request failed","method":"GET","service":"hostel-api","status":500,"timestamp":"2026-03-09 13:58:03","url":"/api/lab/slots","userId":1}
{"duration":"18ms","ip":"::1","level":"info","message":"Request completed","method":"GET","service":"hostel-api","status":304,"timestamp":"2026-03-09 13:58:03","url":"/favicon.ico","userId":null}
{"error":"Unknown column 'request_type' in 'field list'","level":"error","message":"Dashboard Error:","service":"hostel-api","stack":"Error: Unknown column 'request_type' in 'field list'\n    at PromisePool.query (C:\\naveen\\hostel_management\\hostelapp\\backend\\node_modules\\mysql2\\lib\\promise\\pool.js:36:22)\n    at C:\\naveen\\hostel_management\\hostelapp\\backend\\src\\controllers\\analytics.controller.js:51:44\n    at process.processTicksAndRejections (node:internal/process/task_queues:95:5)\n    at async exports.dashboard (C:\\naveen\\hostel_management\\hostelapp\\backend\\src\\controllers\\analytics.controller.js:8:22)","timestamp":"2026-03-09 13:58:03"}
{"duration":"106ms","ip":"::1","level":"warn","message":"Request failed","method":"GET","service":"hostel-api","status":500,"timestamp":"2026-03-09 13:58:03","url":"/api/analytics/dashboard","userId":1}
{"duration":"33ms","ip":"::1","level":"info","message":"Request completed","method":"GET","service":"hostel-api","status":304,"timestamp":"2026-03-09 13:58:05","url":"/api/warden-leave/all","userId":1}
{"duration":"32ms","ip":"::1","level":"info","message":"Request completed","method":"GET","service":"hostel-api","status":304,"timestamp":"2026-03-09 13:58:05","url":"/api/complaints/all","userId":1}
{"error":"Unknown column 'rcr.requested_hostel_id' in 'on clause'","level":"error","message":"Get Room Requests Error:","service":"hostel-api","stack":"Error: Unknown column 'rcr.requested_hostel_id' in 'on clause'\n    at PromisePool.query (C:\\naveen\\hostel_management\\hostelapp\\backend\\node_modules\\mysql2\\lib\\promise\\pool.js:36:22)\n    at exports.getAll (C:\\naveen\\hostel_management\\hostelapp\\backend\\src\\controllers\\room.controller.js:55:39)\n    at Layer.handleRequest (C:\\naveen\\hostel_management\\hostelapp\\backend\\node_modules\\router\\lib\\layer.js:152:17)\n    at next (C:\\naveen\\hostel_management\\hostelapp\\backend\\node_modules\\router\\lib\\route.js:157:13)\n    at C:\\naveen\\hostel_management\\hostelapp\\backend\\src\\middleware\\rbac.middleware.js:43:13\n    at process.processTicksAndRejections (node:internal/process/task_queues:95:5)","timestamp":"2026-03-09 13:58:05"}
{"duration":"35ms","ip":"::1","level":"warn","message":"Request failed","method":"GET","service":"hostel-api","status":500,"timestamp":"2026-03-09 13:58:05","url":"/api/rooms/changes?status=pending","userId":1}
{"error":"Unknown column 'status' in 'where clause'","level":"error","message":"Get Slots Error:","service":"hostel-api","stack":"Error: Unknown column 'status' in 'where clause'\n    at PromisePool.query (C:\\naveen\\hostel_management\\hostelapp\\backend\\node_modules\\mysql2\\lib\\promise\\pool.js:36:22)\n    at exports.getSlots (C:\\naveen\\hostel_management\\hostelapp\\backend\\src\\controllers\\lab.controller.js:16:36)\n    at Layer.handleRequest (C:\\naveen\\hostel_management\\hostelapp\\backend\\node_modules\\router\\lib\\layer.js:152:17)\n    at next (C:\\naveen\\hostel_management\\hostelapp\\backend\\node_modules\\router\\lib\\route.js:157:13)\n    at C:\\naveen\\hostel_management\\hostelapp\\backend\\src\\middleware\\rbac.middleware.js:43:13\n    at process.processTicksAndRejections (node:internal/process/task_queues:95:5)","timestamp":"2026-03-09 13:58:05"}
{"duration":"37ms","ip":"::1","level":"warn","message":"Request failed","method":"GET","service":"hostel-api","status":500,"timestamp":"2026-03-09 13:58:05","url":"/api/lab/slots","userId":1}
{"duration":"55ms","ip":"::1","level":"info","message":"Request completed","method":"GET","service":"hostel-api","status":304,"timestamp":"2026-03-09 13:58:05","url":"/api/leave/all","userId":1}
{"duration":"4ms","ip":"::1","level":"info","message":"Request completed","method":"GET","service":"hostel-api","status":304,"timestamp":"2026-03-09 13:58:05","url":"/favicon.ico","userId":null}
{"error":"Unknown column 'request_type' in 'field list'","level":"error","message":"Dashboard Error:","service":"hostel-api","stack":"Error: Unknown column 'request_type' in 'field list'\n    at PromisePool.query (C:\\naveen\\hostel_management\\hostelapp\\backend\\node_modules\\mysql2\\lib\\promise\\pool.js:36:22)\n    at C:\\naveen\\hostel_management\\hostelapp\\backend\\src\\controllers\\analytics.controller.js:51:44\n    at process.processTicksAndRejections (node:internal/process/task_queues:95:5)\n    at async exports.dashboard (C:\\naveen\\hostel_management\\hostelapp\\backend\\src\\controllers\\analytics.controller.js:8:22)","timestamp":"2026-03-09 13:58:05"}
{"duration":"73ms","ip":"::1","level":"warn","message":"Request failed","method":"GET","service":"hostel-api","status":500,"timestamp":"2026-03-09 13:58:05","url":"/api/analytics/dashboard","userId":1}
{"duration":"24ms","ip":"::1","level":"info","message":"Request completed","method":"GET","service":"hostel-api","status":304,"timestamp":"2026-03-09 13:58:11","url":"/api/warden-leave/all","userId":1}
{"duration":"21ms","ip":"::1","level":"info","message":"Request completed","method":"GET","service":"hostel-api","status":304,"timestamp":"2026-03-09 13:58:11","url":"/api/complaints/all","userId":1}
{"error":"Unknown column 'rcr.requested_hostel_id' in 'on clause'","level":"error","message":"Get Room Requests Error:","service":"hostel-api","stack":"Error: Unknown column 'rcr.requested_hostel_id' in 'on clause'\n    at PromisePool.query (C:\\naveen\\hostel_management\\hostelapp\\backend\\node_modules\\mysql2\\lib\\promise\\pool.js:36:22)\n    at exports.getAll (C:\\naveen\\hostel_management\\hostelapp\\backend\\src\\controllers\\room.controller.js:55:39)\n    at Layer.handleRequest (C:\\naveen\\hostel_management\\hostelapp\\backend\\node_modules\\router\\lib\\layer.js:152:17)\n    at next (C:\\naveen\\hostel_management\\hostelapp\\backend\\node_modules\\router\\lib\\route.js:157:13)\n    at C:\\naveen\\hostel_management\\hostelapp\\backend\\src\\middleware\\rbac.middleware.js:43:13\n    at process.processTicksAndRejections (node:internal/process/task_queues:95:5)","timestamp":"2026-03-09 13:58:11"}
{"duration":"22ms","ip":"::1","level":"warn","message":"Request failed","method":"GET","service":"hostel-api","status":500,"timestamp":"2026-03-09 13:58:11","url":"/api/rooms/changes?status=pending","userId":1}
{"error":"Unknown column 'status' in 'where clause'","level":"error","message":"Get Slots Error:","service":"hostel-api","stack":"Error: Unknown column 'status' in 'where clause'\n    at PromisePool.query (C:\\naveen\\hostel_management\\hostelapp\\backend\\node_modules\\mysql2\\lib\\promise\\pool.js:36:22)\n    at exports.getSlots (C:\\naveen\\hostel_management\\hostelapp\\backend\\src\\controllers\\lab.controller.js:16:36)\n    at Layer.handleRequest (C:\\naveen\\hostel_management\\hostelapp\\backend\\node_modules\\router\\lib\\layer.js:152:17)\n    at next (C:\\naveen\\hostel_management\\hostelapp\\backend\\node_modules\\router\\lib\\route.js:157:13)\n    at C:\\naveen\\hostel_management\\hostelapp\\backend\\src\\middleware\\rbac.middleware.js:43:13\n    at process.processTicksAndRejections (node:internal/process/task_queues:95:5)","timestamp":"2026-03-09 13:58:11"}
{"duration":"23ms","ip":"::1","level":"warn","message":"Request failed","method":"GET","service":"hostel-api","status":500,"timestamp":"2026-03-09 13:58:11","url":"/api/lab/slots","userId":1}
{"duration":"34ms","ip":"::1","level":"info","message":"Request completed","method":"GET","service":"hostel-api","status":304,"timestamp":"2026-03-09 13:58:11","url":"/api/leave/all","userId":1}
{"error":"Unknown column 'request_type' in 'field list'","level":"error","message":"Dashboard Error:","service":"hostel-api","stack":"Error: Unknown column 'request_type' in 'field list'\n    at PromisePool.query (C:\\naveen\\hostel_management\\hostelapp\\backend\\node_modules\\mysql2\\lib\\promise\\pool.js:36:22)\n    at C:\\naveen\\hostel_management\\hostelapp\\backend\\src\\controllers\\analytics.controller.js:51:44\n    at process.processTicksAndRejections (node:internal/process/task_queues:95:5)\n    at async exports.dashboard (C:\\naveen\\hostel_management\\hostelapp\\backend\\src\\controllers\\analytics.controller.js:8:22)","timestamp":"2026-03-09 13:58:11"}
{"duration":"34ms","ip":"::1","level":"warn","message":"Request failed","method":"GET","service":"hostel-api","status":500,"timestamp":"2026-03-09 13:58:11","url":"/api/analytics/dashboard","userId":1}
{"duration":"2ms","ip":"::1","level":"info","message":"Request completed","method":"GET","service":"hostel-api","status":304,"timestamp":"2026-03-09 13:58:11","url":"/favicon.ico","userId":null}
{"duration":"1ms","ip":"::1","level":"info","message":"Request completed","method":"GET","service":"hostel-api","status":304,"timestamp":"2026-03-09 13:58:14","url":"/favicon.ico","userId":null}
{"duration":"256ms","ip":"::1","level":"info","message":"Request completed","method":"POST","service":"hostel-api","status":200,"timestamp":"2026-03-09 13:58:22","url":"/api/auth/login","userId":null}
{"duration":"22ms","ip":"::1","level":"info","message":"Request completed","method":"GET","service":"hostel-api","status":304,"timestamp":"2026-03-09 13:58:23","url":"/api/warden-leave/all","userId":1}
{"duration":"18ms","ip":"::1","level":"info","message":"Request completed","method":"GET","service":"hostel-api","status":304,"timestamp":"2026-03-09 13:58:23","url":"/api/complaints/all","userId":1}
{"error":"Unknown column 'rcr.requested_hostel_id' in 'on clause'","level":"error","message":"Get Room Requests Error:","service":"hostel-api","stack":"Error: Unknown column 'rcr.requested_hostel_id' in 'on clause'\n    at PromisePool.query (C:\\naveen\\hostel_management\\hostelapp\\backend\\node_modules\\mysql2\\lib\\promise\\pool.js:36:22)\n    at exports.getAll (C:\\naveen\\hostel_management\\hostelapp\\backend\\src\\controllers\\room.controller.js:55:39)\n    at Layer.handleRequest (C:\\naveen\\hostel_management\\hostelapp\\backend\\node_modules\\router\\lib\\layer.js:152:17)\n    at next (C:\\naveen\\hostel_management\\hostelapp\\backend\\node_modules\\router\\lib\\route.js:157:13)\n    at C:\\naveen\\hostel_management\\hostelapp\\backend\\src\\middleware\\rbac.middleware.js:43:13\n    at process.processTicksAndRejections (node:internal/process/task_queues:95:5)","timestamp":"2026-03-09 13:58:23"}
{"duration":"17ms","ip":"::1","level":"warn","message":"Request failed","method":"GET","service":"hostel-api","status":500,"timestamp":"2026-03-09 13:58:23","url":"/api/rooms/changes?status=pending","userId":1}
{"error":"Unknown column 'status' in 'where clause'","level":"error","message":"Get Slots Error:","service":"hostel-api","stack":"Error: Unknown column 'status' in 'where clause'\n    at PromisePool.query (C:\\naveen\\hostel_management\\hostelapp\\backend\\node_modules\\mysql2\\lib\\promise\\pool.js:36:22)\n    at exports.getSlots (C:\\naveen\\hostel_management\\hostelapp\\backend\\src\\controllers\\lab.controller.js:16:36)\n    at Layer.handleRequest (C:\\naveen\\hostel_management\\hostelapp\\backend\\node_modules\\router\\lib\\layer.js:152:17)\n    at next (C:\\naveen\\hostel_management\\hostelapp\\backend\\node_modules\\router\\lib\\route.js:157:13)\n    at C:\\naveen\\hostel_management\\hostelapp\\backend\\src\\middleware\\rbac.middleware.js:43:13\n    at process.processTicksAndRejections (node:internal/process/task_queues:95:5)","timestamp":"2026-03-09 13:58:23"}
{"duration":"17ms","ip":"::1","level":"warn","message":"Request failed","method":"GET","service":"hostel-api","status":500,"timestamp":"2026-03-09 13:58:23","url":"/api/lab/slots","userId":1}
{"duration":"32ms","ip":"::1","level":"info","message":"Request completed","method":"GET","service":"hostel-api","status":304,"timestamp":"2026-03-09 13:58:23","url":"/api/leave/all","userId":1}
{"duration":"2ms","ip":"::1","level":"info","message":"Request completed","method":"GET","service":"hostel-api","status":304,"timestamp":"2026-03-09 13:58:23","url":"/favicon.ico","userId":null}
{"error":"Unknown column 'request_type' in 'field list'","level":"error","message":"Dashboard Error:","service":"hostel-api","stack":"Error: Unknown column 'request_type' in 'field list'\n    at PromisePool.query (C:\\naveen\\hostel_management\\hostelapp\\backend\\node_modules\\mysql2\\lib\\promise\\pool.js:36:22)\n    at C:\\naveen\\hostel_management\\hostelapp\\backend\\src\\controllers\\analytics.controller.js:51:44\n    at process.processTicksAndRejections (node:internal/process/task_queues:95:5)\n    at async exports.dashboard (C:\\naveen\\hostel_management\\hostelapp\\backend\\src\\controllers\\analytics.controller.js:8:22)","timestamp":"2026-03-09 13:58:23"}
{"duration":"31ms","ip":"::1","level":"warn","message":"Request failed","method":"GET","service":"hostel-api","status":500,"timestamp":"2026-03-09 13:58:23","url":"/api/analytics/dashboard","userId":1}
{"duration":"54ms","ip":"::1","level":"info","message":"Request completed","method":"PUT","service":"hostel-api","status":200,"timestamp":"2026-03-09 13:58:35","url":"/api/complaints/8/status","userId":1}
{"duration":"12ms","ip":"::1","level":"info","message":"Request completed","method":"GET","service":"hostel-api","status":200,"timestamp":"2026-03-09 13:58:35","url":"/api/complaints/all","userId":1}
{"duration":"38ms","ip":"::1","level":"info","message":"Request completed","method":"PUT","service":"hostel-api","status":200,"timestamp":"2026-03-09 13:58:39","url":"/api/complaints/3/status","userId":1}
{"duration":"11ms","ip":"::1","level":"info","message":"Request completed","method":"GET","service":"hostel-api","status":200,"timestamp":"2026-03-09 13:58:39","url":"/api/complaints/all","userId":1}
{"duration":"2ms","ip":"::1","level":"info","message":"Request completed","method":"GET","service":"hostel-api","status":304,"timestamp":"2026-03-09 13:58:42","url":"/favicon.ico","userId":null}
{"duration":"159ms","ip":"::1","level":"info","message":"Request completed","method":"POST","service":"hostel-api","status":200,"timestamp":"2026-03-09 13:58:50","url":"/api/auth/login","userId":null}
{"duration":"3ms","ip":"::1","level":"info","message":"Request completed","method":"GET","service":"hostel-api","status":304,"timestamp":"2026-03-09 13:58:50","url":"/api/profile/student-by-email/tha%40gmail.com","userId":9}
{"duration":"17ms","ip":"::1","level":"info","message":"Request completed","method":"GET","service":"hostel-api","status":304,"timestamp":"2026-03-09 13:58:50","url":"/api/profile/student/STU00005","userId":9}
{"duration":"9ms","ip":"::1","level":"info","message":"Request completed","method":"GET","service":"hostel-api","status":304,"timestamp":"2026-03-09 13:58:50","url":"/favicon.ico","userId":null}
{"duration":"19ms","ip":"::1","level":"info","message":"Request completed","method":"GET","service":"hostel-api","status":304,"timestamp":"2026-03-09 13:58:50","url":"/api/leave/student/STU00005","userId":9}
{"duration":"21ms","ip":"::1","level":"info","message":"Request completed","method":"GET","service":"hostel-api","status":304,"timestamp":"2026-03-09 13:58:50","url":"/api/complaints/student/STU00005","userId":9}
{"duration":"5ms","ip":"::1","level":"info","message":"Request completed","method":"GET","service":"hostel-api","status":304,"timestamp":"2026-03-09 13:58:50","url":"/api/leave/student/STU00005","userId":9}
{"duration":"5ms","ip":"::1","level":"info","message":"Request completed","method":"GET","service":"hostel-api","status":304,"timestamp":"2026-03-09 13:58:50","url":"/api/complaints/student/STU00005","userId":9}
{"duration":"2ms","ip":"::1","level":"info","message":"Request completed","method":"GET","service":"hostel-api","status":304,"timestamp":"2026-03-09 13:59:03","url":"/favicon.ico","userId":null}
{"duration":"172ms","ip":"::1","level":"info","message":"Request completed","method":"POST","service":"hostel-api","status":200,"timestamp":"2026-03-09 13:59:09","url":"/api/auth/login","userId":null}
{"duration":"38ms","ip":"::1","level":"info","message":"Request completed","method":"GET","service":"hostel-api","status":304,"timestamp":"2026-03-09 13:59:09","url":"/api/warden-leave/all","userId":1}
{"duration":"42ms","ip":"::1","level":"info","message":"Request completed","method":"GET","service":"hostel-api","status":304,"timestamp":"2026-03-09 13:59:09","url":"/api/leave/all","userId":1}
{"error":"Unknown column 'rcr.requested_hostel_id' in 'on clause'","level":"error","message":"Get Room Requests Error:","service":"hostel-api","stack":"Error: Unknown column 'rcr.requested_hostel_id' in 'on clause'\n    at PromisePool.query (C:\\naveen\\hostel_management\\hostelapp\\backend\\node_modules\\mysql2\\lib\\promise\\pool.js:36:22)\n    at exports.getAll (C:\\naveen\\hostel_management\\hostelapp\\backend\\src\\controllers\\room.controller.js:55:39)\n    at Layer.handleRequest (C:\\naveen\\hostel_management\\hostelapp\\backend\\node_modules\\router\\lib\\layer.js:152:17)\n    at next (C:\\naveen\\hostel_management\\hostelapp\\backend\\node_modules\\router\\lib\\route.js:157:13)\n    at C:\\naveen\\hostel_management\\hostelapp\\backend\\src\\middleware\\rbac.middleware.js:43:13\n    at process.processTicksAndRejections (node:internal/process/task_queues:95:5)","timestamp":"2026-03-09 13:59:09"}
{"duration":"34ms","ip":"::1","level":"warn","message":"Request failed","method":"GET","service":"hostel-api","status":500,"timestamp":"2026-03-09 13:59:09","url":"/api/rooms/changes?status=pending","userId":1}
{"error":"Unknown column 'status' in 'where clause'","level":"error","message":"Get Slots Error:","service":"hostel-api","stack":"Error: Unknown column 'status' in 'where clause'\n    at PromisePool.query (C:\\naveen\\hostel_management\\hostelapp\\backend\\node_modules\\mysql2\\lib\\promise\\pool.js:36:22)\n    at exports.getSlots (C:\\naveen\\hostel_management\\hostelapp\\backend\\src\\controllers\\lab.controller.js:16:36)\n    at Layer.handleRequest (C:\\naveen\\hostel_management\\hostelapp\\backend\\node_modules\\router\\lib\\layer.js:152:17)\n    at next (C:\\naveen\\hostel_management\\hostelapp\\backend\\node_modules\\router\\lib\\route.js:157:13)\n    at C:\\naveen\\hostel_management\\hostelapp\\backend\\src\\middleware\\rbac.middleware.js:43:13\n    at process.processTicksAndRejections (node:internal/process/task_queues:95:5)","timestamp":"2026-03-09 13:59:09"}
{"duration":"40ms","ip":"::1","level":"warn","message":"Request failed","method":"GET","service":"hostel-api","status":500,"timestamp":"2026-03-09 13:59:09","url":"/api/lab/slots","userId":1}
{"duration":"39ms","ip":"::1","level":"info","message":"Request completed","method":"GET","service":"hostel-api","status":304,"timestamp":"2026-03-09 13:59:09","url":"/api/complaints/all","userId":1}
{"duration":"4ms","ip":"::1","level":"info","message":"Request completed","method":"GET","service":"hostel-api","status":304,"timestamp":"2026-03-09 13:59:09","url":"/favicon.ico","userId":null}
{"error":"Unknown column 'request_type' in 'field list'","level":"error","message":"Dashboard Error:","service":"hostel-api","stack":"Error: Unknown column 'request_type' in 'field list'\n    at PromisePool.query (C:\\naveen\\hostel_management\\hostelapp\\backend\\node_modules\\mysql2\\lib\\promise\\pool.js:36:22)\n    at C:\\naveen\\hostel_management\\hostelapp\\backend\\src\\controllers\\analytics.controller.js:51:44\n    at process.processTicksAndRejections (node:internal/process/task_queues:95:5)\n    at async exports.dashboard (C:\\naveen\\hostel_management\\hostelapp\\backend\\src\\controllers\\analytics.controller.js:8:22)","timestamp":"2026-03-09 13:59:09"}
{"duration":"65ms","ip":"::1","level":"warn","message":"Request failed","method":"GET","service":"hostel-api","status":500,"timestamp":"2026-03-09 13:59:09","url":"/api/analytics/dashboard","userId":1}
{"duration":"43ms","ip":"::1","level":"info","message":"Request completed","method":"PUT","service":"hostel-api","status":200,"timestamp":"2026-03-09 13:59:18","url":"/api/complaints/9/status","userId":1}
{"duration":"10ms","ip":"::1","level":"info","message":"Request completed","method":"GET","service":"hostel-api","status":200,"timestamp":"2026-03-09 13:59:18","url":"/api/complaints/all","userId":1}
{"duration":"40ms","ip":"::1","level":"info","message":"Request completed","method":"PUT","service":"hostel-api","status":200,"timestamp":"2026-03-09 13:59:20","url":"/api/complaints/4/status","userId":1}
{"duration":"9ms","ip":"::1","level":"info","message":"Request completed","method":"GET","service":"hostel-api","status":200,"timestamp":"2026-03-09 13:59:20","url":"/api/complaints/all","userId":1}
{"duration":"1ms","ip":"::1","level":"info","message":"Request completed","method":"GET","service":"hostel-api","status":304,"timestamp":"2026-03-09 13:59:22","url":"/favicon.ico","userId":null}
{"duration":"233ms","ip":"::1","level":"info","message":"Request completed","method":"POST","service":"hostel-api","status":200,"timestamp":"2026-03-09 13:59:28","url":"/api/auth/login","userId":null}
{"duration":"5ms","ip":"::1","level":"info","message":"Request completed","method":"GET","service":"hostel-api","status":304,"timestamp":"2026-03-09 13:59:28","url":"/api/profile/student-by-email/tha%40gmail.com","userId":9}
{"duration":"8ms","ip":"::1","level":"info","message":"Request completed","method":"GET","service":"hostel-api","status":304,"timestamp":"2026-03-09 13:59:28","url":"/favicon.ico","userId":null}
{"duration":"9ms","ip":"::1","level":"info","message":"Request completed","method":"GET","service":"hostel-api","status":304,"timestamp":"2026-03-09 13:59:28","url":"/api/profile/student/STU00005","userId":9}
{"duration":"13ms","ip":"::1","level":"info","message":"Request completed","method":"GET","service":"hostel-api","status":304,"timestamp":"2026-03-09 13:59:28","url":"/api/leave/student/STU00005","userId":9}
{"duration":"9ms","ip":"::1","level":"info","message":"Request completed","method":"GET","service":"hostel-api","status":200,"timestamp":"2026-03-09 13:59:28","url":"/api/complaints/student/STU00005","userId":9}
{"duration":"5ms","ip":"::1","level":"info","message":"Request completed","method":"GET","service":"hostel-api","status":304,"timestamp":"2026-03-09 13:59:28","url":"/api/leave/student/STU00005","userId":9}
{"duration":"6ms","ip":"::1","level":"info","message":"Request completed","method":"GET","service":"hostel-api","status":304,"timestamp":"2026-03-09 13:59:28","url":"/api/complaints/student/STU00005","userId":9}
{"error":"Unknown column 'current_room_id' in 'field list'","level":"error","message":"Room Change Request Error:","service":"hostel-api","stack":"Error: Unknown column 'current_room_id' in 'field list'\n    at PromisePool.query (C:\\naveen\\hostel_management\\hostelapp\\backend\\node_modules\\mysql2\\lib\\promise\\pool.js:36:22)\n    at exports.requestChange (C:\\naveen\\hostel_management\\hostelapp\\backend\\src\\controllers\\room.controller.js:28:37)\n    at process.processTicksAndRejections (node:internal/process/task_queues:95:5)","timestamp":"2026-03-09 14:00:10"}
{"duration":"10ms","ip":"::1","level":"warn","message":"Request failed","method":"POST","service":"hostel-api","status":500,"timestamp":"2026-03-09 14:00:10","url":"/api/rooms/change/STU00005","userId":9}
{"error":"Unknown column 'meal_date' in 'field list'","level":"error","message":"Meal Request Error:","service":"hostel-api","stack":"Error: Unknown column 'meal_date' in 'field list'\n    at PromisePool.query (C:\\naveen\\hostel_management\\hostelapp\\backend\\node_modules\\mysql2\\lib\\promise\\pool.js:36:22)\n    at exports.requestMeal (C:\\naveen\\hostel_management\\hostelapp\\backend\\src\\controllers\\meal.controller.js:16:37)\n    at process.processTicksAndRejections (node:internal/process/task_queues:95:5)","timestamp":"2026-03-09 14:00:22"}
{"duration":"11ms","ip":"::1","level":"warn","message":"Request failed","method":"POST","service":"hostel-api","status":500,"timestamp":"2026-03-09 14:00:22","url":"/api/meals/request/STU00005","userId":9}
{"duration":"1ms","ip":"::1","level":"info","message":"Request completed","method":"GET","service":"hostel-api","status":304,"timestamp":"2026-03-09 14:00:26","url":"/.well-known/appspecific/com.chrome.devtools.json","userId":null}
{"level":"info","message":"✅ WebSocket server initialized","service":"hostel-api","timestamp":"2026-03-09 14:02:40"}
{"level":"info","message":"🚀 Server v2.0.0 running on port 3000 [development]","service":"hostel-api","timestamp":"2026-03-09 14:02:40"}
{"level":"info","message":"✅ MySQL connected","service":"hostel-api","timestamp":"2026-03-09 14:02:40"}
{"error":"Unknown column 'meal_date' in 'field list'","level":"error","message":"Meal Request Error:","service":"hostel-api","stack":"Error: Unknown column 'meal_date' in 'field list'\n    at PromisePool.query (C:\\naveen\\hostel_management\\hostelapp\\backend\\node_modules\\mysql2\\lib\\promise\\pool.js:36:22)\n    at exports.requestMeal (C:\\naveen\\hostel_management\\hostelapp\\backend\\src\\controllers\\meal.controller.js:16:37)\n    at process.processTicksAndRejections (node:internal/process/task_queues:95:5)","timestamp":"2026-03-09 14:02:46"}
{"duration":"45ms","ip":"::1","level":"warn","message":"Request failed","method":"POST","service":"hostel-api","status":500,"timestamp":"2026-03-09 14:02:46","url":"/api/meals/request/STU00005","userId":9}
{"duration":"3ms","ip":"::1","level":"info","message":"Request completed","method":"GET","service":"hostel-api","status":304,"timestamp":"2026-03-09 14:02:49","url":"/favicon.ico","userId":null}
{"duration":"261ms","ip":"::1","level":"info","message":"Request completed","method":"POST","service":"hostel-api","status":200,"timestamp":"2026-03-09 14:02:56","url":"/api/auth/login","userId":null}
{"duration":"38ms","ip":"::1","level":"info","message":"Request completed","method":"GET","service":"hostel-api","status":304,"timestamp":"2026-03-09 14:02:56","url":"/api/warden-leave/all","userId":1}
{"duration":"10ms","ip":"::1","level":"info","message":"Request completed","method":"GET","service":"hostel-api","status":304,"timestamp":"2026-03-09 14:02:56","url":"/favicon.ico","userId":null}
{"duration":"65ms","ip":"::1","level":"info","message":"Request completed","method":"GET","service":"hostel-api","status":304,"timestamp":"2026-03-09 14:02:56","url":"/api/complaints/all","userId":1}
{"error":"Unknown column 'rcr.requested_hostel_id' in 'on clause'","level":"error","message":"Get Room Requests Error:","service":"hostel-api","stack":"Error: Unknown column 'rcr.requested_hostel_id' in 'on clause'\n    at PromisePool.query (C:\\naveen\\hostel_management\\hostelapp\\backend\\node_modules\\mysql2\\lib\\promise\\pool.js:36:22)\n    at exports.getAll (C:\\naveen\\hostel_management\\hostelapp\\backend\\src\\controllers\\room.controller.js:55:39)\n    at Layer.handleRequest (C:\\naveen\\hostel_management\\hostelapp\\backend\\node_modules\\router\\lib\\layer.js:152:17)\n    at next (C:\\naveen\\hostel_management\\hostelapp\\backend\\node_modules\\router\\lib\\route.js:157:13)\n    at C:\\naveen\\hostel_management\\hostelapp\\backend\\src\\middleware\\rbac.middleware.js:43:13\n    at process.processTicksAndRejections (node:internal/process/task_queues:95:5)","timestamp":"2026-03-09 14:02:56"}
{"duration":"65ms","ip":"::1","level":"warn","message":"Request failed","method":"GET","service":"hostel-api","status":500,"timestamp":"2026-03-09 14:02:56","url":"/api/rooms/changes?status=pending","userId":1}
{"duration":"86ms","ip":"::1","level":"info","message":"Request completed","method":"GET","service":"hostel-api","status":304,"timestamp":"2026-03-09 14:02:56","url":"/api/leave/all","userId":1}
{"error":"Unknown column 'status' in 'where clause'","level":"error","message":"Get Slots Error:","service":"hostel-api","stack":"Error: Unknown column 'status' in 'where clause'\n    at PromisePool.query (C:\\naveen\\hostel_management\\hostelapp\\backend\\node_modules\\mysql2\\lib\\promise\\pool.js:36:22)\n    at exports.getSlots (C:\\naveen\\hostel_management\\hostelapp\\backend\\src\\controllers\\lab.controller.js:16:36)\n    at Layer.handleRequest (C:\\naveen\\hostel_management\\hostelapp\\backend\\node_modules\\router\\lib\\layer.js:152:17)\n    at next (C:\\naveen\\hostel_management\\hostelapp\\backend\\node_modules\\router\\lib\\route.js:157:13)\n    at C:\\naveen\\hostel_management\\hostelapp\\backend\\src\\middleware\\rbac.middleware.js:43:13\n    at process.processTicksAndRejections (node:internal/process/task_queues:95:5)","timestamp":"2026-03-09 14:02:56"}
{"duration":"69ms","ip":"::1","level":"warn","message":"Request failed","method":"GET","service":"hostel-api","status":500,"timestamp":"2026-03-09 14:02:56","url":"/api/lab/slots","userId":1}
{"error":"Unknown column 'request_type' in 'field list'","level":"error","message":"Dashboard Error:","service":"hostel-api","stack":"Error: Unknown column 'request_type' in 'field list'\n    at PromisePool.query (C:\\naveen\\hostel_management\\hostelapp\\backend\\node_modules\\mysql2\\lib\\promise\\pool.js:36:22)\n    at C:\\naveen\\hostel_management\\hostelapp\\backend\\src\\controllers\\analytics.controller.js:51:44\n    at process.processTicksAndRejections (node:internal/process/task_queues:95:5)\n    at async exports.dashboard (C:\\naveen\\hostel_management\\hostelapp\\backend\\src\\controllers\\analytics.controller.js:8:22)","timestamp":"2026-03-09 14:02:56"}
{"duration":"70ms","ip":"::1","level":"warn","message":"Request failed","method":"GET","service":"hostel-api","status":500,"timestamp":"2026-03-09 14:02:56","url":"/api/analytics/dashboard","userId":1}
{"error":"Unknown column 'mr.meal_date' in 'where clause'","level":"error","message":"Get All Meals Error:","service":"hostel-api","stack":"Error: Unknown column 'mr.meal_date' in 'where clause'\n    at PromisePool.query (C:\\naveen\\hostel_management\\hostelapp\\backend\\node_modules\\mysql2\\lib\\promise\\pool.js:36:22)\n    at exports.getAll (C:\\naveen\\hostel_management\\hostelapp\\backend\\src\\controllers\\meal.controller.js:71:36)\n    at Layer.handleRequest (C:\\naveen\\hostel_management\\hostelapp\\backend\\node_modules\\router\\lib\\layer.js:152:17)\n    at next (C:\\naveen\\hostel_management\\hostelapp\\backend\\node_modules\\router\\lib\\route.js:157:13)\n    at C:\\naveen\\hostel_management\\hostelapp\\backend\\src\\middleware\\rbac.middleware.js:43:13\n    at process.processTicksAndRejections (node:internal/process/task_queues:95:5)","timestamp":"2026-03-09 14:03:08"}
{"duration":"13ms","ip":"::1","level":"warn","message":"Request failed","method":"GET","service":"hostel-api","status":500,"timestamp":"2026-03-09 14:03:08","url":"/api/meals/all?date=2026-03-09","userId":1}
{"level":"info","message":"SIGINT received — shutting down gracefully","service":"hostel-api","timestamp":"2026-03-09 14:03:19"}
{"level":"info","message":"✅ MySQL connected","service":"hostel-api","timestamp":"2026-03-09 14:03:19"}
{"level":"info","message":"✅ MySQL connected","service":"hostel-api","timestamp":"2026-03-09 14:04:01"}
{"level":"info","message":"✅ MySQL connected","service":"hostel-api","timestamp":"2026-03-09 14:06:11"}
{"level":"info","message":"✅ MySQL connected","service":"hostel-api","timestamp":"2026-03-09 14:06:23"}
{"level":"info","message":"✅ WebSocket server initialized","service":"hostel-api","timestamp":"2026-03-09 14:06:44"}
{"level":"info","message":"🚀 Server v2.0.0 running on port 3000 [development]","service":"hostel-api","timestamp":"2026-03-09 14:06:44"}
{"level":"info","message":"✅ MySQL connected","service":"hostel-api","timestamp":"2026-03-09 14:06:44"}
{"level":"info","message":"✅ WebSocket server initialized","service":"hostel-api","timestamp":"2026-03-09 14:07:30"}
{"level":"info","message":"🚀 Server v2.0.0 running on port 3000 [development]","service":"hostel-api","timestamp":"2026-03-09 14:07:30"}
{"level":"info","message":"✅ MySQL connected","service":"hostel-api","timestamp":"2026-03-09 14:07:30"}
{"duration":"4ms","ip":"::1","level":"info","message":"Request completed","method":"GET","service":"hostel-api","status":304,"timestamp":"2026-03-09 14:07:40","url":"/favicon.ico","userId":null}
{"duration":"262ms","ip":"::1","level":"info","message":"Request completed","method":"POST","service":"hostel-api","status":200,"timestamp":"2026-03-09 14:07:46","url":"/api/auth/login","userId":null}
{"duration":"6ms","ip":"::1","level":"info","message":"Request completed","method":"GET","service":"hostel-api","status":304,"timestamp":"2026-03-09 14:07:46","url":"/api/profile/student-by-email/tha%40gmail.com","userId":9}
{"duration":"15ms","ip":"::1","level":"info","message":"Request completed","method":"GET","service":"hostel-api","status":304,"timestamp":"2026-03-09 14:07:46","url":"/api/profile/student/STU00005","userId":9}
{"duration":"5ms","ip":"::1","level":"info","message":"Request completed","method":"GET","service":"hostel-api","status":304,"timestamp":"2026-03-09 14:07:46","url":"/favicon.ico","userId":null}
{"duration":"31ms","ip":"::1","level":"info","message":"Request completed","method":"GET","service":"hostel-api","status":304,"timestamp":"2026-03-09 14:07:46","url":"/api/leave/student/STU00005","userId":9}
{"duration":"30ms","ip":"::1","level":"info","message":"Request completed","method":"GET","service":"hostel-api","status":304,"timestamp":"2026-03-09 14:07:46","url":"/api/complaints/student/STU00005","userId":9}
{"duration":"7ms","ip":"::1","level":"info","message":"Request completed","method":"GET","service":"hostel-api","status":304,"timestamp":"2026-03-09 14:07:46","url":"/api/leave/student/STU00005","userId":9}
{"duration":"6ms","ip":"::1","level":"info","message":"Request completed","method":"GET","service":"hostel-api","status":304,"timestamp":"2026-03-09 14:07:46","url":"/api/complaints/student/STU00005","userId":9}
{"error":"Cannot add or update a child row: a foreign key constraint fails (`hostel_db`.`room_change_requests`, CONSTRAINT `room_change_requests_ibfk_1` FOREIGN KEY (`student_id`) REFERENCES `students` (`student_id`))","level":"error","message":"Room Change Request Error:","service":"hostel-api","stack":"Error: Cannot add or update a child row: a foreign key constraint fails (`hostel_db`.`room_change_requests`, CONSTRAINT `room_change_requests_ibfk_1` FOREIGN KEY (`student_id`) REFERENCES `students` (`student_id`))\n    at PromisePool.query (C:\\naveen\\hostel_management\\hostelapp\\backend\\node_modules\\mysql2\\lib\\promise\\pool.js:36:22)\n    at exports.requestChange (C:\\naveen\\hostel_management\\hostelapp\\backend\\src\\controllers\\room.controller.js:28:37)\n    at process.processTicksAndRejections (node:internal/process/task_queues:95:5)","timestamp":"2026-03-09 14:07:57"}
{"duration":"14ms","ip":"::1","level":"warn","message":"Request failed","method":"POST","service":"hostel-api","status":500,"timestamp":"2026-03-09 14:07:57","url":"/api/rooms/change/STU00005","userId":9}
{"duration":"2ms","ip":"::1","level":"info","message":"Request completed","method":"GET","service":"hostel-api","status":304,"timestamp":"2026-03-09 14:08:04","url":"/.well-known/appspecific/com.chrome.devtools.json","userId":null}
{"duration":"3ms","ip":"::1","level":"info","message":"Request completed","method":"GET","service":"hostel-api","status":304,"timestamp":"2026-03-09 14:11:09","url":"/.well-known/appspecific/com.chrome.devtools.json","userId":null}
{"duration":"7ms","ip":"::1","level":"info","message":"Request completed","method":"GET","service":"hostel-api","status":304,"timestamp":"2026-03-09 14:11:09","url":"/api/profile/student-by-email/tha%40gmail.com","userId":9}
{"duration":"2ms","ip":"::1","level":"info","message":"Request completed","method":"GET","service":"hostel-api","status":304,"timestamp":"2026-03-09 14:11:09","url":"/favicon.ico","userId":null}
{"duration":"9ms","ip":"::1","level":"info","message":"Request completed","method":"GET","service":"hostel-api","status":304,"timestamp":"2026-03-09 14:11:09","url":"/api/profile/student/STU00005","userId":9}
{"duration":"15ms","ip":"::1","level":"info","message":"Request completed","method":"GET","service":"hostel-api","status":304,"timestamp":"2026-03-09 14:11:09","url":"/api/leave/student/STU00005","userId":9}
{"duration":"12ms","ip":"::1","level":"info","message":"Request completed","method":"GET","service":"hostel-api","status":304,"timestamp":"2026-03-09 14:11:09","url":"/api/complaints/student/STU00005","userId":9}
{"duration":"8ms","ip":"::1","level":"info","message":"Request completed","method":"GET","service":"hostel-api","status":304,"timestamp":"2026-03-09 14:11:09","url":"/api/leave/student/STU00005","userId":9}
{"duration":"6ms","ip":"::1","level":"info","message":"Request completed","method":"GET","service":"hostel-api","status":304,"timestamp":"2026-03-09 14:11:09","url":"/api/complaints/student/STU00005","userId":9}
{"level":"info","message":"✅ WebSocket server initialized","service":"hostel-api","timestamp":"2026-03-09 14:11:14"}
{"level":"info","message":"🚀 Server v2.0.0 running on port 3000 [development]","service":"hostel-api","timestamp":"2026-03-09 14:11:14"}
{"level":"info","message":"✅ MySQL connected","service":"hostel-api","timestamp":"2026-03-09 14:11:14"}
{"duration":"4ms","ip":"::1","level":"info","message":"Request completed","method":"GET","service":"hostel-api","status":304,"timestamp":"2026-03-09 14:11:14","url":"/favicon.ico","userId":null}
{"duration":"3ms","ip":"::1","level":"info","message":"Request completed","method":"GET","service":"hostel-api","status":304,"timestamp":"2026-03-09 14:11:14","url":"/.well-known/appspecific/com.chrome.devtools.json","userId":null}
{"duration":"2ms","ip":"::1","level":"info","message":"Request completed","method":"GET","service":"hostel-api","status":304,"timestamp":"2026-03-09 14:11:14","url":"/.well-known/appspecific/com.chrome.devtools.json","userId":null}
{"level":"info","message":"✅ MySQL connected","service":"hostel-api","timestamp":"2026-03-09 14:11:23"}
{"level":"info","message":"✅ WebSocket server initialized","service":"hostel-api","timestamp":"2026-03-09 14:11:26"}
{"level":"info","message":"🚀 Server v2.0.0 running on port 3000 [development]","service":"hostel-api","timestamp":"2026-03-09 14:11:26"}
{"level":"info","message":"✅ MySQL connected","service":"hostel-api","timestamp":"2026-03-09 14:11:26"}
{"duration":"18ms","ip":"::1","level":"info","message":"Request completed","method":"GET","service":"hostel-api","status":304,"timestamp":"2026-03-09 14:11:30","url":"/api/profile/student-by-email/tha%40gmail.com","userId":9}
{"duration":"13ms","ip":"::1","level":"info","message":"Request completed","method":"GET","service":"hostel-api","status":304,"timestamp":"2026-03-09 14:11:30","url":"/favicon.ico","userId":null}
{"duration":"15ms","ip":"::1","level":"info","message":"Request completed","method":"GET","service":"hostel-api","status":304,"timestamp":"2026-03-09 14:11:30","url":"/api/profile/student/STU00005","userId":9}
{"duration":"21ms","ip":"::1","level":"info","message":"Request completed","method":"GET","service":"hostel-api","status":304,"timestamp":"2026-03-09 14:11:30","url":"/api/complaints/student/STU00005","userId":9}
{"duration":"44ms","ip":"::1","level":"info","message":"Request completed","method":"GET","service":"hostel-api","status":304,"timestamp":"2026-03-09 14:11:30","url":"/api/leave/student/STU00005","userId":9}
{"duration":"21ms","ip":"::1","level":"info","message":"Request completed","method":"GET","service":"hostel-api","status":304,"timestamp":"2026-03-09 14:11:30","url":"/api/leave/student/STU00005","userId":9}
{"duration":"16ms","ip":"::1","level":"info","message":"Request completed","method":"GET","service":"hostel-api","status":304,"timestamp":"2026-03-09 14:11:30","url":"/api/complaints/student/STU00005","userId":9}
{"error":"Cannot add or update a child row: a foreign key constraint fails (`hostel_db`.`room_change_requests`, CONSTRAINT `room_change_requests_ibfk_1` FOREIGN KEY (`student_id`) REFERENCES `students` (`student_id`))","level":"error","message":"Room Change Request Error:","service":"hostel-api","stack":"Error: Cannot add or update a child row: a foreign key constraint fails (`hostel_db`.`room_change_requests`, CONSTRAINT `room_change_requests_ibfk_1` FOREIGN KEY (`student_id`) REFERENCES `students` (`student_id`))\n    at PromisePool.query (C:\\naveen\\hostel_management\\hostelapp\\backend\\node_modules\\mysql2\\lib\\promise\\pool.js:36:22)\n    at exports.requestChange (C:\\naveen\\hostel_management\\hostelapp\\backend\\src\\controllers\\room.controller.js:28:37)\n    at process.processTicksAndRejections (node:internal/process/task_queues:95:5)","timestamp":"2026-03-09 14:11:43"}
{"duration":"36ms","ip":"::1","level":"warn","message":"Request failed","method":"POST","service":"hostel-api","status":500,"timestamp":"2026-03-09 14:11:43","url":"/api/rooms/change/STU00005","userId":9}
{"level":"info","message":"✅ WebSocket server initialized","service":"hostel-api","timestamp":"2026-03-09 14:11:54"}
{"level":"info","message":"🚀 Server v2.0.0 running on port 3000 [development]","service":"hostel-api","timestamp":"2026-03-09 14:11:54"}
{"level":"info","message":"✅ MySQL connected","service":"hostel-api","timestamp":"2026-03-09 14:11:54"}
{"level":"info","message":"✅ WebSocket server initialized","service":"hostel-api","timestamp":"2026-03-09 14:12:09"}
{"level":"info","message":"🚀 Server v2.0.0 running on port 3000 [development]","service":"hostel-api","timestamp":"2026-03-09 14:12:09"}
{"level":"info","message":"✅ MySQL connected","service":"hostel-api","timestamp":"2026-03-09 14:12:09"}
{"level":"info","message":"✅ MySQL connected","service":"hostel-api","timestamp":"2026-03-09 14:12:54"}
{"level":"info","message":"✅ WebSocket server initialized","service":"hostel-api","timestamp":"2026-03-09 14:12:57"}
{"level":"info","message":"🚀 Server v2.0.0 running on port 3000 [development]","service":"hostel-api","timestamp":"2026-03-09 14:12:57"}
{"level":"info","message":"✅ MySQL connected","service":"hostel-api","timestamp":"2026-03-09 14:12:57"}
{"duration":"31ms","ip":"::1","level":"info","message":"Request completed","method":"POST","service":"hostel-api","status":201,"timestamp":"2026-03-09 14:13:02","url":"/api/rooms/change/STU00005","userId":9}
{"duration":"5ms","ip":"::1","level":"warn","message":"Request failed","method":"GET","service":"hostel-api","status":403,"timestamp":"2026-03-09 14:13:02","url":"/api/rooms/changes?status=all","userId":9}
{"duration":"5ms","ip":"::1","level":"info","message":"Request completed","method":"GET","service":"hostel-api","status":304,"timestamp":"2026-03-09 14:13:07","url":"/favicon.ico","userId":null}
{"duration":"24ms","ip":"::1","level":"warn","message":"Request failed","method":"POST","service":"hostel-api","status":401,"timestamp":"2026-03-09 14:13:20","url":"/api/auth/login","userId":null}
{"duration":"258ms","ip":"::1","level":"info","message":"Request completed","method":"POST","service":"hostel-api","status":200,"timestamp":"2026-03-09 14:13:32","url":"/api/auth/login","userId":null}
{"duration":"41ms","ip":"::1","level":"info","message":"Request completed","method":"GET","service":"hostel-api","status":304,"timestamp":"2026-03-09 14:13:32","url":"/api/warden-leave/all","userId":1}
{"duration":"52ms","ip":"::1","level":"info","message":"Request completed","method":"GET","service":"hostel-api","status":304,"timestamp":"2026-03-09 14:13:32","url":"/api/complaints/all","userId":1}
{"duration":"48ms","ip":"::1","level":"info","message":"Request completed","method":"GET","service":"hostel-api","status":200,"timestamp":"2026-03-09 14:13:32","url":"/api/rooms/changes?status=pending","userId":1}
{"error":"Unknown column 'status' in 'where clause'","level":"error","message":"Get Slots Error:","service":"hostel-api","stack":"Error: Unknown column 'status' in 'where clause'\n    at PromisePool.query (C:\\naveen\\hostel_management\\hostelapp\\backend\\node_modules\\mysql2\\lib\\promise\\pool.js:36:22)\n    at exports.getSlots (C:\\naveen\\hostel_management\\hostelapp\\backend\\src\\controllers\\lab.controller.js:16:36)\n    at Layer.handleRequest (C:\\naveen\\hostel_management\\hostelapp\\backend\\node_modules\\router\\lib\\layer.js:152:17)\n    at next (C:\\naveen\\hostel_management\\hostelapp\\backend\\node_modules\\router\\lib\\route.js:157:13)\n    at C:\\naveen\\hostel_management\\hostelapp\\backend\\src\\middleware\\rbac.middleware.js:43:13\n    at process.processTicksAndRejections (node:internal/process/task_queues:95:5)","timestamp":"2026-03-09 14:13:32"}
{"duration":"47ms","ip":"::1","level":"warn","message":"Request failed","method":"GET","service":"hostel-api","status":500,"timestamp":"2026-03-09 14:13:32","url":"/api/lab/slots","userId":1}
{"duration":"69ms","ip":"::1","level":"info","message":"Request completed","method":"GET","service":"hostel-api","status":304,"timestamp":"2026-03-09 14:13:32","url":"/api/leave/all","userId":1}
{"duration":"14ms","ip":"::1","level":"info","message":"Request completed","method":"GET","service":"hostel-api","status":304,"timestamp":"2026-03-09 14:13:32","url":"/favicon.ico","userId":null}
{"duration":"61ms","ip":"::1","level":"info","message":"Request completed","method":"GET","service":"hostel-api","status":200,"timestamp":"2026-03-09 14:13:32","url":"/api/analytics/dashboard","userId":1}
{"duration":"11ms","ip":"::1","level":"info","message":"Request completed","method":"GET","service":"hostel-api","status":200,"timestamp":"2026-03-09 14:13:32","url":"/api/analytics/complaint-metrics","userId":1}
{"duration":"2ms","ip":"::1","level":"info","message":"Request completed","method":"GET","service":"hostel-api","status":304,"timestamp":"2026-03-09 14:13:41","url":"/favicon.ico","userId":null}
{"duration":"175ms","ip":"::1","level":"info","message":"Request completed","method":"POST","service":"hostel-api","status":200,"timestamp":"2026-03-09 14:13:47","url":"/api/auth/login","userId":null}
{"duration":"4ms","ip":"::1","level":"info","message":"Request completed","method":"GET","service":"hostel-api","status":304,"timestamp":"2026-03-09 14:13:47","url":"/api/profile/student-by-email/tha%40gmail.com","userId":9}
{"duration":"12ms","ip":"::1","level":"info","message":"Request completed","method":"GET","service":"hostel-api","status":304,"timestamp":"2026-03-09 14:13:47","url":"/api/profile/student/STU00005","userId":9}
{"duration":"3ms","ip":"::1","level":"info","message":"Request completed","method":"GET","service":"hostel-api","status":304,"timestamp":"2026-03-09 14:13:47","url":"/favicon.ico","userId":null}
{"duration":"18ms","ip":"::1","level":"info","message":"Request completed","method":"GET","service":"hostel-api","status":304,"timestamp":"2026-03-09 14:13:47","url":"/api/leave/student/STU00005","userId":9}
{"duration":"18ms","ip":"::1","level":"info","message":"Request completed","method":"GET","service":"hostel-api","status":304,"timestamp":"2026-03-09 14:13:47","url":"/api/complaints/student/STU00005","userId":9}
{"duration":"5ms","ip":"::1","level":"info","message":"Request completed","method":"GET","service":"hostel-api","status":304,"timestamp":"2026-03-09 14:13:47","url":"/api/leave/student/STU00005","userId":9}
{"duration":"5ms","ip":"::1","level":"info","message":"Request completed","method":"GET","service":"hostel-api","status":304,"timestamp":"2026-03-09 14:13:47","url":"/api/complaints/student/STU00005","userId":9}
{"level":"info","message":"✅ WebSocket server initialized","service":"hostel-api","timestamp":"2026-03-09 14:13:55"}
{"level":"info","message":"🚀 Server v2.0.0 running on port 3000 [development]","service":"hostel-api","timestamp":"2026-03-09 14:13:55"}
{"level":"info","message":"✅ MySQL connected","service":"hostel-api","timestamp":"2026-03-09 14:13:55"}
{"duration":"30ms","ip":"::1","level":"warn","message":"Request failed","method":"POST","service":"hostel-api","status":400,"timestamp":"2026-03-09 14:14:06","url":"/api/leave/apply/STU00005","userId":9}
{"duration":"10ms","ip":"::1","level":"warn","message":"Request failed","method":"POST","service":"hostel-api","status":400,"timestamp":"2026-03-09 14:14:12","url":"/api/leave/apply/STU00005","userId":9}
{"level":"info","message":"✅ WebSocket server initialized","service":"hostel-api","timestamp":"2026-03-09 14:14:19"}
{"level":"info","message":"🚀 Server v2.0.0 running on port 3000 [development]","service":"hostel-api","timestamp":"2026-03-09 14:14:19"}
{"level":"info","message":"✅ MySQL connected","service":"hostel-api","timestamp":"2026-03-09 14:14:19"}
{"duration":"14ms","ip":"::1","level":"warn","message":"Request failed","method":"POST","service":"hostel-api","status":400,"timestamp":"2026-03-09 14:14:20","url":"/api/leave/apply/STU00005","userId":9}
{"duration":"8ms","ip":"::1","level":"warn","message":"Request failed","method":"POST","service":"hostel-api","status":400,"timestamp":"2026-03-09 14:14:21","url":"/api/leave/apply/STU00005","userId":9}
{"duration":"4ms","ip":"::1","level":"warn","message":"Request failed","method":"POST","service":"hostel-api","status":400,"timestamp":"2026-03-09 14:14:21","url":"/api/leave/apply/STU00005","userId":9}
{"duration":"13ms","ip":"::1","level":"warn","message":"Request failed","method":"POST","service":"hostel-api","status":400,"timestamp":"2026-03-09 14:14:22","url":"/api/leave/apply/STU00005","userId":9}
{"duration":"3ms","ip":"::1","level":"info","message":"Request completed","method":"GET","service":"hostel-api","status":304,"timestamp":"2026-03-09 14:14:24","url":"/.well-known/appspecific/com.chrome.devtools.json","userId":null}
{"duration":"10ms","ip":"::1","level":"warn","message":"Request failed","method":"POST","service":"hostel-api","status":400,"timestamp":"2026-03-09 14:15:04","url":"/api/leave/apply/STU00005","userId":9}
{"duration":"14ms","ip":"::1","level":"warn","message":"Request failed","method":"POST","service":"hostel-api","status":400,"timestamp":"2026-03-09 14:15:06","url":"/api/leave/apply/STU00005","userId":9}
{"duration":"5ms","ip":"::1","level":"warn","message":"Request failed","method":"POST","service":"hostel-api","status":400,"timestamp":"2026-03-09 14:15:07","url":"/api/leave/apply/STU00005","userId":9}
{"duration":"5ms","ip":"::1","level":"warn","message":"Request failed","method":"POST","service":"hostel-api","status":400,"timestamp":"2026-03-09 14:15:07","url":"/api/leave/apply/STU00005","userId":9}
{"duration":"6ms","ip":"::1","level":"warn","message":"Request failed","method":"POST","service":"hostel-api","status":400,"timestamp":"2026-03-09 14:15:08","url":"/api/leave/apply/STU00005","userId":9}
{"duration":"7ms","ip":"::1","level":"warn","message":"Request failed","method":"POST","service":"hostel-api","status":400,"timestamp":"2026-03-09 14:15:08","url":"/api/leave/apply/STU00005","userId":9}
{"duration":"6ms","ip":"::1","level":"warn","message":"Request failed","method":"POST","service":"hostel-api","status":400,"timestamp":"2026-03-09 14:15:08","url":"/api/leave/apply/STU00005","userId":9}
{"duration":"5ms","ip":"::1","level":"warn","message":"Request failed","method":"POST","service":"hostel-api","status":400,"timestamp":"2026-03-09 14:15:08","url":"/api/leave/apply/STU00005","userId":9}
{"duration":"5ms","ip":"::1","level":"warn","message":"Request failed","method":"POST","service":"hostel-api","status":400,"timestamp":"2026-03-09 14:15:09","url":"/api/leave/apply/STU00005","userId":9}
{"duration":"5ms","ip":"::1","level":"warn","message":"Request failed","method":"POST","service":"hostel-api","status":400,"timestamp":"2026-03-09 14:15:09","url":"/api/leave/apply/STU00005","userId":9}
{"duration":"5ms","ip":"::1","level":"warn","message":"Request failed","method":"POST","service":"hostel-api","status":400,"timestamp":"2026-03-09 14:15:09","url":"/api/leave/apply/STU00005","userId":9}
{"duration":"5ms","ip":"::1","level":"warn","message":"Request failed","method":"POST","service":"hostel-api","status":400,"timestamp":"2026-03-09 14:15:09","url":"/api/leave/apply/STU00005","userId":9}
{"duration":"4ms","ip":"::1","level":"warn","message":"Request failed","method":"POST","service":"hostel-api","status":400,"timestamp":"2026-03-09 14:15:09","url":"/api/leave/apply/STU00005","userId":9}
{"duration":"4ms","ip":"::1","level":"warn","message":"Request failed","method":"POST","service":"hostel-api","status":400,"timestamp":"2026-03-09 14:15:10","url":"/api/leave/apply/STU00005","userId":9}
{"duration":"4ms","ip":"::1","level":"warn","message":"Request failed","method":"POST","service":"hostel-api","status":400,"timestamp":"2026-03-09 14:15:10","url":"/api/leave/apply/STU00005","userId":9}
{"duration":"4ms","ip":"::1","level":"warn","message":"Request failed","method":"POST","service":"hostel-api","status":400,"timestamp":"2026-03-09 14:15:10","url":"/api/leave/apply/STU00005","userId":9}
{"duration":"4ms","ip":"::1","level":"warn","message":"Request failed","method":"POST","service":"hostel-api","status":400,"timestamp":"2026-03-09 14:15:10","url":"/api/leave/apply/STU00005","userId":9}
{"duration":"4ms","ip":"::1","level":"warn","message":"Request failed","method":"POST","service":"hostel-api","status":400,"timestamp":"2026-03-09 14:15:10","url":"/api/leave/apply/STU00005","userId":9}
{"duration":"6ms","ip":"::1","level":"info","message":"Request completed","method":"GET","service":"hostel-api","status":304,"timestamp":"2026-03-09 14:15:33","url":"/api/profile/student-by-email/tha%40gmail.com","userId":9}
{"duration":"26ms","ip":"::1","level":"info","message":"Request completed","method":"GET","service":"hostel-api","status":304,"timestamp":"2026-03-09 14:15:33","url":"/api/profile/student/STU00005","userId":9}
{"duration":"7ms","ip":"::1","level":"info","message":"Request completed","method":"GET","service":"hostel-api","status":304,"timestamp":"2026-03-09 14:15:33","url":"/favicon.ico","userId":null}
{"duration":"44ms","ip":"::1","level":"info","message":"Request completed","method":"GET","service":"hostel-api","status":304,"timestamp":"2026-03-09 14:15:33","url":"/api/leave/student/STU00005","userId":9}
{"duration":"42ms","ip":"::1","level":"info","message":"Request completed","method":"GET","service":"hostel-api","status":304,"timestamp":"2026-03-09 14:15:33","url":"/api/complaints/student/STU00005","userId":9}
{"duration":"9ms","ip":"::1","level":"info","message":"Request completed","method":"GET","service":"hostel-api","status":304,"timestamp":"2026-03-09 14:15:33","url":"/api/leave/student/STU00005","userId":9}
{"duration":"11ms","ip":"::1","level":"info","message":"Request completed","method":"GET","service":"hostel-api","status":304,"timestamp":"2026-03-09 14:15:33","url":"/api/complaints/student/STU00005","userId":9}
{"duration":"2ms","ip":"::1","level":"info","message":"Request completed","method":"GET","service":"hostel-api","status":304,"timestamp":"2026-03-09 14:15:35","url":"/favicon.ico","userId":null}
{"duration":"213ms","ip":"::1","level":"info","message":"Request completed","method":"POST","service":"hostel-api","status":200,"timestamp":"2026-03-09 14:15:49","url":"/api/auth/login","userId":null}
{"duration":"4ms","ip":"::1","level":"info","message":"Request completed","method":"GET","service":"hostel-api","status":304,"timestamp":"2026-03-09 14:15:49","url":"/api/profile/student-by-email/tha%40gmail.com","userId":9}
{"duration":"2ms","ip":"::1","level":"info","message":"Request completed","method":"GET","service":"hostel-api","status":304,"timestamp":"2026-03-09 14:15:49","url":"/favicon.ico","userId":null}
{"duration":"9ms","ip":"::1","level":"info","message":"Request completed","method":"GET","service":"hostel-api","status":304,"timestamp":"2026-03-09 14:15:49","url":"/api/profile/student/STU00005","userId":9}
{"duration":"9ms","ip":"::1","level":"info","message":"Request completed","method":"GET","service":"hostel-api","status":304,"timestamp":"2026-03-09 14:15:49","url":"/api/leave/student/STU00005","userId":9}
{"duration":"9ms","ip":"::1","level":"info","message":"Request completed","method":"GET","service":"hostel-api","status":304,"timestamp":"2026-03-09 14:15:49","url":"/api/complaints/student/STU00005","userId":9}
{"duration":"7ms","ip":"::1","level":"info","message":"Request completed","method":"GET","service":"hostel-api","status":304,"timestamp":"2026-03-09 14:15:49","url":"/api/leave/student/STU00005","userId":9}
{"duration":"4ms","ip":"::1","level":"info","message":"Request completed","method":"GET","service":"hostel-api","status":304,"timestamp":"2026-03-09 14:15:49","url":"/api/complaints/student/STU00005","userId":9}
{"duration":"5ms","ip":"::1","level":"warn","message":"Request failed","method":"POST","service":"hostel-api","status":400,"timestamp":"2026-03-09 14:16:14","url":"/api/leave/apply/STU00005","userId":9}
{"level":"info","message":"✅ WebSocket server initialized","service":"hostel-api","timestamp":"2026-03-09 14:16:18"}
{"level":"info","message":"🚀 Server v2.0.0 running on port 3000 [development]","service":"hostel-api","timestamp":"2026-03-09 14:16:18"}
{"level":"info","message":"✅ MySQL connected","service":"hostel-api","timestamp":"2026-03-09 14:16:18"}
{"level":"info","message":"✅ WebSocket server initialized","service":"hostel-api","timestamp":"2026-03-09 14:16:20"}
{"level":"info","message":"🚀 Server v2.0.0 running on port 3000 [development]","service":"hostel-api","timestamp":"2026-03-09 14:16:20"}
{"level":"info","message":"✅ MySQL connected","service":"hostel-api","timestamp":"2026-03-09 14:16:20"}
{"level":"info","message":"✅ WebSocket server initialized","service":"hostel-api","timestamp":"2026-03-09 14:16:29"}
{"level":"info","message":"🚀 Server v2.0.0 running on port 3000 [development]","service":"hostel-api","timestamp":"2026-03-09 14:16:29"}
{"level":"info","message":"✅ MySQL connected","service":"hostel-api","timestamp":"2026-03-09 14:16:29"}
{"level":"info","message":"✅ WebSocket server initialized","service":"hostel-api","timestamp":"2026-03-09 14:16:34"}
{"level":"info","message":"🚀 Server v2.0.0 running on port 3000 [development]","service":"hostel-api","timestamp":"2026-03-09 14:16:34"}
{"level":"info","message":"✅ MySQL connected","service":"hostel-api","timestamp":"2026-03-09 14:16:34"}
{"duration":"24ms","ip":"::1","level":"warn","message":"Request failed","method":"POST","service":"hostel-api","status":400,"timestamp":"2026-03-09 14:16:34","url":"/api/leave/apply/STU00005","userId":9}
{"level":"info","message":"✅ MySQL connected","service":"hostel-api","timestamp":"2026-03-09 14:16:38"}
{"duration":"9ms","ip":"::1","level":"info","message":"Request completed","method":"GET","service":"hostel-api","status":304,"timestamp":"2026-03-09 14:16:41","url":"/api/profile/student-by-email/tha%40gmail.com","userId":9}
{"duration":"8ms","ip":"::1","level":"info","message":"Request completed","method":"GET","service":"hostel-api","status":304,"timestamp":"2026-03-09 14:16:41","url":"/favicon.ico","userId":null}
{"duration":"18ms","ip":"::1","level":"info","message":"Request completed","method":"GET","service":"hostel-api","status":304,"timestamp":"2026-03-09 14:16:41","url":"/api/profile/student/STU00005","userId":9}
{"duration":"25ms","ip":"::1","level":"info","message":"Request completed","method":"GET","service":"hostel-api","status":304,"timestamp":"2026-03-09 14:16:41","url":"/api/leave/student/STU00005","userId":9}
{"duration":"29ms","ip":"::1","level":"info","message":"Request completed","method":"GET","service":"hostel-api","status":304,"timestamp":"2026-03-09 14:16:41","url":"/api/complaints/student/STU00005","userId":9}
{"duration":"6ms","ip":"::1","level":"info","message":"Request completed","method":"GET","service":"hostel-api","status":304,"timestamp":"2026-03-09 14:16:41","url":"/api/leave/student/STU00005","userId":9}
{"duration":"7ms","ip":"::1","level":"info","message":"Request completed","method":"GET","service":"hostel-api","status":304,"timestamp":"2026-03-09 14:16:41","url":"/api/complaints/student/STU00005","userId":9}
{"level":"info","message":"✅ WebSocket server initialized","service":"hostel-api","timestamp":"2026-03-09 14:18:01"}
{"level":"info","message":"🚀 Server v2.0.0 running on port 3000 [development]","service":"hostel-api","timestamp":"2026-03-09 14:18:02"}
{"level":"info","message":"✅ MySQL connected","service":"hostel-api","timestamp":"2026-03-09 14:18:02"}
{"duration":"3ms","ip":"::1","level":"info","message":"Request completed","method":"GET","service":"hostel-api","status":304,"timestamp":"2026-03-09 14:18:03","url":"/favicon.ico","userId":null}
{"duration":"184ms","ip":"::1","level":"info","message":"Request completed","method":"POST","service":"hostel-api","status":200,"timestamp":"2026-03-09 14:18:15","url":"/api/auth/login","userId":null}
{"duration":"46ms","ip":"::1","level":"info","message":"Request completed","method":"GET","service":"hostel-api","status":304,"timestamp":"2026-03-09 14:18:15","url":"/api/warden-leave/all","userId":1}
{"duration":"70ms","ip":"::1","level":"info","message":"Request completed","method":"GET","service":"hostel-api","status":304,"timestamp":"2026-03-09 14:18:15","url":"/api/complaints/all","userId":1}
{"duration":"55ms","ip":"::1","level":"info","message":"Request completed","method":"GET","service":"hostel-api","status":200,"timestamp":"2026-03-09 14:18:15","url":"/api/lab/slots","userId":1}
{"duration":"66ms","ip":"::1","level":"info","message":"Request completed","method":"GET","service":"hostel-api","status":304,"timestamp":"2026-03-09 14:18:15","url":"/api/rooms/changes?status=pending","userId":1}
{"duration":"8ms","ip":"::1","level":"info","message":"Request completed","method":"GET","service":"hostel-api","status":304,"timestamp":"2026-03-09 14:18:15","url":"/favicon.ico","userId":null}
{"duration":"90ms","ip":"::1","level":"info","message":"Request completed","method":"GET","service":"hostel-api","status":304,"timestamp":"2026-03-09 14:18:15","url":"/api/leave/all","userId":1}
{"duration":"80ms","ip":"::1","level":"info","message":"Request completed","method":"GET","service":"hostel-api","status":304,"timestamp":"2026-03-09 14:18:15","url":"/api/analytics/dashboard","userId":1}
{"duration":"12ms","ip":"::1","level":"info","message":"Request completed","method":"GET","service":"hostel-api","status":304,"timestamp":"2026-03-09 14:18:15","url":"/api/analytics/complaint-metrics","userId":1}
{"level":"info","message":"✅ WebSocket server initialized","service":"hostel-api","timestamp":"2026-03-09 14:21:13"}
{"level":"info","message":"🚀 Server v2.0.0 running on port 3000 [development]","service":"hostel-api","timestamp":"2026-03-09 14:21:13"}
{"level":"info","message":"✅ MySQL connected","service":"hostel-api","timestamp":"2026-03-09 14:21:13"}
{"level":"info","message":"SIGINT received — shutting down gracefully","service":"hostel-api","timestamp":"2026-03-09 14:22:31"}
{"level":"info","message":"✅ MySQL connected","service":"hostel-api","timestamp":"2026-03-09 14:23:22"}
{"level":"info","message":"✅ WebSocket server initialized","service":"hostel-api","timestamp":"2026-03-09 15:04:44"}
{"level":"info","message":"🚀 Server v2.0.0 running on port 3000 [development]","service":"hostel-api","timestamp":"2026-03-09 15:04:44"}
{"level":"info","message":"✅ MySQL connected","service":"hostel-api","timestamp":"2026-03-09 15:04:44"}
{"level":"info","message":"SIGINT received — shutting down gracefully","service":"hostel-api","timestamp":"2026-03-09 15:11:32"}
{"level":"info","message":"✅ MySQL connected","service":"hostel-api","timestamp":"2026-03-09 15:17:41"}
